Started GET "/" for 127.0.0.1 at 2024-10-22 20:53:43 +0200
  [1m[35m (1.1ms)[0m  [1m[35mCREATE TABLE "schema_migrations" ("version" varchar NOT NULL PRIMARY KEY)[0m
  [1m[35m (0.2ms)[0m  [1m[35mCREATE TABLE "ar_internal_metadata" ("key" varchar NOT NULL PRIMARY KEY, "value" varchar, "created_at" datetime(6) NOT NULL, "updated_at" datetime(6) NOT NULL)[0m
  [1m[36mActiveRecord::SchemaMigration Load (0.1ms)[0m  [1m[34mSELECT "schema_migrations"."version" FROM "schema_migrations" ORDER BY "schema_migrations"."version" ASC[0m
Processing by Rails::WelcomeController#index as HTML
  Rendering /home/vanganur/.rvm/gems/ruby-3.3.0/gems/railties-7.1.4.1/lib/rails/templates/rails/welcome/index.html.erb
  Rendered /home/vanganur/.rvm/gems/ruby-3.3.0/gems/railties-7.1.4.1/lib/rails/templates/rails/welcome/index.html.erb (Duration: 0.9ms | Allocations: 376)
Completed 200 OK in 18ms (Views: 5.8ms | ActiveRecord: 0.0ms | Allocations: 7780)


Started GET "/" for 127.0.0.1 at 2024-10-22 20:53:45 +0200
Processing by Rails::WelcomeController#index as HTML
  Rendering /home/vanganur/.rvm/gems/ruby-3.3.0/gems/railties-7.1.4.1/lib/rails/templates/rails/welcome/index.html.erb
  Rendered /home/vanganur/.rvm/gems/ruby-3.3.0/gems/railties-7.1.4.1/lib/rails/templates/rails/welcome/index.html.erb (Duration: 0.1ms | Allocations: 13)
Completed 200 OK in 2ms (Views: 1.2ms | ActiveRecord: 0.0ms | Allocations: 210)


Started GET "/" for 127.0.0.1 at 2024-10-22 20:53:45 +0200
Processing by Rails::WelcomeController#index as HTML
  Rendering /home/vanganur/.rvm/gems/ruby-3.3.0/gems/railties-7.1.4.1/lib/rails/templates/rails/welcome/index.html.erb
  Rendered /home/vanganur/.rvm/gems/ruby-3.3.0/gems/railties-7.1.4.1/lib/rails/templates/rails/welcome/index.html.erb (Duration: 0.1ms | Allocations: 13)
Completed 200 OK in 1ms (Views: 0.8ms | ActiveRecord: 0.0ms | Allocations: 209)


Started GET "/" for 127.0.0.1 at 2024-10-22 20:54:04 +0200
  [1m[36mActiveRecord::SchemaMigration Load (0.2ms)[0m  [1m[34mSELECT "schema_migrations"."version" FROM "schema_migrations" ORDER BY "schema_migrations"."version" ASC[0m
Processing by Rails::WelcomeController#index as HTML
  Rendering /home/vanganur/.rvm/gems/ruby-3.3.0/gems/railties-7.1.4.1/lib/rails/templates/rails/welcome/index.html.erb
  Rendered /home/vanganur/.rvm/gems/ruby-3.3.0/gems/railties-7.1.4.1/lib/rails/templates/rails/welcome/index.html.erb (Duration: 0.9ms | Allocations: 376)
Completed 200 OK in 9ms (Views: 4.4ms | ActiveRecord: 0.0ms | Allocations: 4326)


Started GET "/home" for 127.0.0.1 at 2024-10-22 20:54:08 +0200
  
ActionController::RoutingError (No route matches [GET] "/home"):
  
Started GET "/home/index" for 127.0.0.1 at 2024-10-22 20:54:22 +0200
Processing by HomeController#index as HTML
  Rendering layout layouts/application.html.erb
  Rendering home/index.html.erb within layouts/application
  Rendered home/index.html.erb within layouts/application (Duration: 0.2ms | Allocations: 94)
  Rendered layout layouts/application.html.erb (Duration: 918.4ms | Allocations: 103885)
Completed 500 Internal Server Error in 921ms (ActiveRecord: 0.0ms | Allocations: 104795)


  
ActionView::Template::Error (Missing partial home/_header, application/_header with {:locale=>[:en], :formats=>[:html], :variants=>[], :handlers=>[:raw, :erb, :html, :builder, :ruby, :jbuilder]}.

Searched in:
  * "/home/vanganur/development/tch/tch/app/views"
  * "/home/vanganur/.rvm/gems/ruby-3.3.0/gems/turbo-rails-2.0.11/app/views"
  * "/home/vanganur/.rvm/gems/ruby-3.3.0/gems/actiontext-7.1.4.1/app/views"
  * "/home/vanganur/.rvm/gems/ruby-3.3.0/gems/actionmailbox-7.1.4.1/app/views"
):
    11:   </head>
    12: 
    13:   <body>
    14:   <div class="header"><%= render 'header' %></div>
    15:   <div class="main"><%= yield %></div>
    16:   <div class="footer"><%= render 'header' %></div>
    17:   </body>
  
app/views/layouts/application.html.erb:14
Started GET "/home/index" for 127.0.0.1 at 2024-10-22 20:55:26 +0200
Processing by HomeController#index as HTML
  Rendering layout layouts/application.html.erb
  Rendering home/index.html.erb within layouts/application
  Rendered home/index.html.erb within layouts/application (Duration: 0.3ms | Allocations: 93)
  Rendered layout layouts/application.html.erb (Duration: 22.1ms | Allocations: 17060)
Completed 500 Internal Server Error in 25ms (ActiveRecord: 0.0ms | Allocations: 17952)


  
ActionView::Template::Error (Missing partial home/_header, application/_header with {:locale=>[:en], :formats=>[:html], :variants=>[], :handlers=>[:raw, :erb, :html, :builder, :ruby, :jbuilder]}.

Searched in:
  * "/home/vanganur/development/tch/tch/app/views"
  * "/home/vanganur/.rvm/gems/ruby-3.3.0/gems/turbo-rails-2.0.11/app/views"
  * "/home/vanganur/.rvm/gems/ruby-3.3.0/gems/actiontext-7.1.4.1/app/views"
  * "/home/vanganur/.rvm/gems/ruby-3.3.0/gems/actionmailbox-7.1.4.1/app/views"
):
    11:   </head>
    12: 
    13:   <body>
    14:   <div class="header"><%= render 'header' %></div>
    15:   <div class="main"><%= yield %></div>
    16:   <div class="footer"><%= render 'footer' %></div>
    17:   </body>
  
app/views/layouts/application.html.erb:14
Started GET "/" for 127.0.0.1 at 2024-10-22 20:55:29 +0200
Processing by Rails::WelcomeController#index as HTML
  Rendering /home/vanganur/.rvm/gems/ruby-3.3.0/gems/railties-7.1.4.1/lib/rails/templates/rails/welcome/index.html.erb
  Rendered /home/vanganur/.rvm/gems/ruby-3.3.0/gems/railties-7.1.4.1/lib/rails/templates/rails/welcome/index.html.erb (Duration: 1.3ms | Allocations: 259)
Completed 200 OK in 6ms (Views: 3.2ms | ActiveRecord: 0.0ms | Allocations: 877)


Started GET "/" for 127.0.0.1 at 2024-10-22 20:55:56 +0200
Processing by Rails::WelcomeController#index as HTML
  Rendering /home/vanganur/.rvm/gems/ruby-3.3.0/gems/railties-7.1.4.1/lib/rails/templates/rails/welcome/index.html.erb
  Rendered /home/vanganur/.rvm/gems/ruby-3.3.0/gems/railties-7.1.4.1/lib/rails/templates/rails/welcome/index.html.erb (Duration: 0.6ms | Allocations: 262)
Completed 200 OK in 3ms (Views: 2.0ms | ActiveRecord: 0.0ms | Allocations: 895)


Started GET "/" for 127.0.0.1 at 2024-10-22 20:55:57 +0200
Processing by Rails::WelcomeController#index as HTML
  Rendering /home/vanganur/.rvm/gems/ruby-3.3.0/gems/railties-7.1.4.1/lib/rails/templates/rails/welcome/index.html.erb
  Rendered /home/vanganur/.rvm/gems/ruby-3.3.0/gems/railties-7.1.4.1/lib/rails/templates/rails/welcome/index.html.erb (Duration: 0.0ms | Allocations: 13)
Completed 200 OK in 1ms (Views: 0.3ms | ActiveRecord: 0.0ms | Allocations: 206)


Started GET "/" for 127.0.0.1 at 2024-10-22 21:25:36 +0200
  [1m[36mActiveRecord::SchemaMigration Load (0.3ms)[0m  [1m[34mSELECT "schema_migrations"."version" FROM "schema_migrations" ORDER BY "schema_migrations"."version" ASC[0m
Processing by HomeController#index as HTML
  Rendering layout layouts/application.html.erb
  Rendering home/index.html.erb within layouts/application
  Rendered home/index.html.erb within layouts/application (Duration: 1310.8ms | Allocations: 92139)
[Webpacker] Compiling...
[Webpacker] Compilation failed:
warning package.json: No license field
Invalid configuration object. Webpack has been initialised using a configuration object that does not match the API schema.
 - configuration.entry should be an non-empty object.
   -> Multiple entry bundles are created. The key is the chunk name. The value can be a string or an array.

  Rendered layout layouts/application.html.erb (Duration: 3046.9ms | Allocations: 97310)
Completed 500 Internal Server Error in 3062ms (ActiveRecord: 0.0ms | Allocations: 101594)


  
ActionView::Template::Error (Webpacker can't find application.js in /home/vanganur/development/tch/tch/public/packs/manifest.json. Possible causes:
1. You want to set webpacker.yml value of compile to true for your environment
   unless you are using the `webpack -w` or the webpack-dev-server.
2. webpack has not yet re-run to reflect updates.
3. You have misconfigured Webpacker's config/webpacker.yml file.
4. Your webpack configuration is not creating a manifest.
Your manifest contains:
{
  "entrypoints": {
    "slider": {
      "js": [
        "/packs/js/slider-51b8ad41174ce6937c86.js"
      ],
      "js.map": [
        "/packs/js/slider-51b8ad41174ce6937c86.js.map"
      ]
    }
  },
  "slider.js": "/packs/js/slider-51b8ad41174ce6937c86.js",
  "slider.js.map": "/packs/js/slider-51b8ad41174ce6937c86.js.map"
}
):
     6:   <%= csp_meta_tag %>
     7: 
     8:   <%= stylesheet_link_tag 'application', media: 'all', 'data-turbolinks-track': 'reload' %>
     9:   <%= javascript_pack_tag 'application', 'data-turbolinks-track': 'reload' %>
    10: </head>
    11: 
    12: <body>
  
app/views/layouts/application.html.erb:9
Started GET "/" for 127.0.0.1 at 2024-10-22 21:27:33 +0200
Processing by HomeController#index as HTML
  Rendering layout layouts/application.html.erb
  Rendering home/index.html.erb within layouts/application
  Rendered home/index.html.erb within layouts/application (Duration: 2.6ms | Allocations: 1360)
[Webpacker] Everything's up-to-date. Nothing to do
  Rendered layout layouts/application.html.erb (Duration: 10.2ms | Allocations: 4619)
Completed 500 Internal Server Error in 11ms (ActiveRecord: 0.0ms | Allocations: 4909)


  
ActionView::Template::Error (Webpacker can't find application.js in /home/vanganur/development/tch/tch/public/packs/manifest.json. Possible causes:
1. You want to set webpacker.yml value of compile to true for your environment
   unless you are using the `webpack -w` or the webpack-dev-server.
2. webpack has not yet re-run to reflect updates.
3. You have misconfigured Webpacker's config/webpacker.yml file.
4. Your webpack configuration is not creating a manifest.
Your manifest contains:
{
  "entrypoints": {
    "slider": {
      "js": [
        "/packs/js/slider-51b8ad41174ce6937c86.js"
      ],
      "js.map": [
        "/packs/js/slider-51b8ad41174ce6937c86.js.map"
      ]
    }
  },
  "slider.js": "/packs/js/slider-51b8ad41174ce6937c86.js",
  "slider.js.map": "/packs/js/slider-51b8ad41174ce6937c86.js.map"
}
):
     6:   <%= csp_meta_tag %>
     7: 
     8:   <%= stylesheet_link_tag 'application', media: 'all', 'data-turbolinks-track': 'reload' %>
     9:   <%= javascript_pack_tag 'application', 'data-turbolinks-track': 'reload' %>
    10: </head>
    11: 
    12: <body>
  
app/views/layouts/application.html.erb:9
Started GET "/" for 127.0.0.1 at 2024-10-22 21:29:08 +0200
Processing by HomeController#index as HTML
  Rendering layout layouts/application.html.erb
  Rendering home/index.html.erb within layouts/application
  Rendered home/index.html.erb within layouts/application (Duration: 3.0ms | Allocations: 1360)
[Webpacker] Everything's up-to-date. Nothing to do
  Rendered layout layouts/application.html.erb (Duration: 12.6ms | Allocations: 4617)
Completed 500 Internal Server Error in 14ms (ActiveRecord: 0.0ms | Allocations: 4906)


  
ActionView::Template::Error (Webpacker can't find application.js in /home/vanganur/development/tch/tch/public/packs/manifest.json. Possible causes:
1. You want to set webpacker.yml value of compile to true for your environment
   unless you are using the `webpack -w` or the webpack-dev-server.
2. webpack has not yet re-run to reflect updates.
3. You have misconfigured Webpacker's config/webpacker.yml file.
4. Your webpack configuration is not creating a manifest.
Your manifest contains:
{
  "entrypoints": {
    "slider": {
      "js": [
        "/packs/js/slider-51b8ad41174ce6937c86.js"
      ],
      "js.map": [
        "/packs/js/slider-51b8ad41174ce6937c86.js.map"
      ]
    }
  },
  "slider.js": "/packs/js/slider-51b8ad41174ce6937c86.js",
  "slider.js.map": "/packs/js/slider-51b8ad41174ce6937c86.js.map"
}
):
     6:   <%= csp_meta_tag %>
     7: 
     8:   <%= stylesheet_link_tag 'application', media: 'all', 'data-turbolinks-track': 'reload' %>
     9:   <%= javascript_pack_tag 'application', 'data-turbolinks-track': 'reload' %>
    10: </head>
    11: 
    12: <body>
  
app/views/layouts/application.html.erb:9
Started GET "/" for 127.0.0.1 at 2024-10-22 21:30:43 +0200
Processing by HomeController#index as HTML
  Rendering layout layouts/application.html.erb
  Rendering home/index.html.erb within layouts/application
  Rendered home/index.html.erb within layouts/application (Duration: 9.4ms | Allocations: 1550)
  Rendered layout layouts/application.html.erb (Duration: 13.4ms | Allocations: 3656)
Completed 500 Internal Server Error in 17ms (ActiveRecord: 0.0ms | Allocations: 4609)


  
ActionView::Template::Error (undefined method `extract_css?' for nil):
     6:   <%= csp_meta_tag %>
     7:   
     8:   <%= stylesheet_link_tag 'application', media: 'all', 'data-turbolinks-track': 'reload' %>
     9:   <%= stylesheet_pack_tag 'application', 'data-turbolinks-track': 'reload' if Rails.configuration.webpacker.config.extract_css? %>
    10:   <%= javascript_pack_tag 'application', 'data-turbolinks-track': 'reload' %>
    11: 
    12: </head>
  
app/views/layouts/application.html.erb:9
Started GET "/" for 127.0.0.1 at 2024-10-22 21:31:04 +0200
Processing by HomeController#index as HTML
  Rendering layout layouts/application.html.erb
  Rendering home/index.html.erb within layouts/application
  Rendered home/index.html.erb within layouts/application (Duration: 3.5ms | Allocations: 1550)
[Webpacker] Everything's up-to-date. Nothing to do
  Rendered layout layouts/application.html.erb (Duration: 10.2ms | Allocations: 5179)
Completed 500 Internal Server Error in 14ms (ActiveRecord: 0.0ms | Allocations: 6133)


  
ActionView::Template::Error (Webpacker can't find application.js in /home/vanganur/development/tch/tch/public/packs/manifest.json. Possible causes:
1. You want to set webpacker.yml value of compile to true for your environment
   unless you are using the `webpack -w` or the webpack-dev-server.
2. webpack has not yet re-run to reflect updates.
3. You have misconfigured Webpacker's config/webpacker.yml file.
4. Your webpack configuration is not creating a manifest.
Your manifest contains:
{
  "entrypoints": {
    "slider": {
      "js": [
        "/packs/js/slider-51b8ad41174ce6937c86.js"
      ],
      "js.map": [
        "/packs/js/slider-51b8ad41174ce6937c86.js.map"
      ]
    }
  },
  "slider.js": "/packs/js/slider-51b8ad41174ce6937c86.js",
  "slider.js.map": "/packs/js/slider-51b8ad41174ce6937c86.js.map"
}
):
     7: 
     8:   <%= stylesheet_link_tag 'application', media: 'all', 'data-turbolinks-track': 'reload' %>
     9:   <%# stylesheet_pack_tag 'application', 'data-turbolinks-track': 'reload' if Rails.configuration.webpacker.config.extract_css? %>
    10:   <%= javascript_pack_tag 'application', 'data-turbolinks-track': 'reload' %>
    11: 
    12: </head>
    13: 
  
app/views/layouts/application.html.erb:10
Started GET "/" for 127.0.0.1 at 2024-10-22 21:33:44 +0200
Processing by HomeController#index as HTML
  Rendering layout layouts/application.html.erb
  Rendering home/index.html.erb within layouts/application
  Rendered home/index.html.erb within layouts/application (Duration: 3.3ms | Allocations: 1550)
[Webpacker] Everything's up-to-date. Nothing to do
  Rendered layout layouts/application.html.erb (Duration: 11.3ms | Allocations: 5125)
Completed 500 Internal Server Error in 15ms (ActiveRecord: 0.0ms | Allocations: 6076)


  
ActionView::Template::Error (Webpacker can't find application.js in /home/vanganur/development/tch/tch/public/packs/manifest.json. Possible causes:
1. You want to set webpacker.yml value of compile to true for your environment
   unless you are using the `webpack -w` or the webpack-dev-server.
2. webpack has not yet re-run to reflect updates.
3. You have misconfigured Webpacker's config/webpacker.yml file.
4. Your webpack configuration is not creating a manifest.
Your manifest contains:
{
  "entrypoints": {
    "slider": {
      "js": [
        "/packs/js/slider-51b8ad41174ce6937c86.js"
      ],
      "js.map": [
        "/packs/js/slider-51b8ad41174ce6937c86.js.map"
      ]
    }
  },
  "slider.js": "/packs/js/slider-51b8ad41174ce6937c86.js",
  "slider.js.map": "/packs/js/slider-51b8ad41174ce6937c86.js.map"
}
):
     6:   <%= csp_meta_tag %>
     7: 
     8:   <%= stylesheet_link_tag 'application', media: 'all', 'data-turbolinks-track': 'reload' %>
     9:   <%= javascript_pack_tag 'application', 'data-turbolinks-track': 'reload' %>
    10:   <%= stylesheet_pack_tag 'application', 'data-turbolinks-track': 'reload' %>
    11: 
    12: </head>
  
app/views/layouts/application.html.erb:9
Started GET "/" for 127.0.0.1 at 2024-10-22 21:34:21 +0200
Processing by HomeController#index as HTML
  Rendering layout layouts/application.html.erb
  Rendering home/index.html.erb within layouts/application
  Rendered home/index.html.erb within layouts/application (Duration: 3.3ms | Allocations: 1360)
[Webpacker] Everything's up-to-date. Nothing to do
  Rendered layout layouts/application.html.erb (Duration: 12.4ms | Allocations: 4616)
Completed 500 Internal Server Error in 14ms (ActiveRecord: 0.0ms | Allocations: 4901)


  
ActionView::Template::Error (Webpacker can't find application.js in /home/vanganur/development/tch/tch/public/packs/manifest.json. Possible causes:
1. You want to set webpacker.yml value of compile to true for your environment
   unless you are using the `webpack -w` or the webpack-dev-server.
2. webpack has not yet re-run to reflect updates.
3. You have misconfigured Webpacker's config/webpacker.yml file.
4. Your webpack configuration is not creating a manifest.
Your manifest contains:
{
  "entrypoints": {
    "slider": {
      "js": [
        "/packs/js/slider-51b8ad41174ce6937c86.js"
      ],
      "js.map": [
        "/packs/js/slider-51b8ad41174ce6937c86.js.map"
      ]
    }
  },
  "slider.js": "/packs/js/slider-51b8ad41174ce6937c86.js",
  "slider.js.map": "/packs/js/slider-51b8ad41174ce6937c86.js.map"
}
):
     6:   <%= csp_meta_tag %>
     7: 
     8:   <%= stylesheet_link_tag 'application', media: 'all', 'data-turbolinks-track': 'reload' %>
     9:   <%= javascript_pack_tag 'application', 'data-turbolinks-track': 'reload' %>
    10:   <%= stylesheet_pack_tag 'application', 'data-turbolinks-track': 'reload' %>
    11: 
    12: </head>
  
app/views/layouts/application.html.erb:9
Started GET "/" for 127.0.0.1 at 2024-10-22 21:38:28 +0200
Processing by HomeController#index as HTML
  Rendering layout layouts/application.html.erb
  Rendering home/index.html.erb within layouts/application
  Rendered home/index.html.erb within layouts/application (Duration: 2.6ms | Allocations: 1550)
[Webpacker] Compiling...
[Webpacker] Compilation failed:
warning package.json: No license field
Invalid configuration object. Webpack has been initialised using a configuration object that does not match the API schema.
 - configuration.entry should be an non-empty object.
   -> Multiple entry bundles are created. The key is the chunk name. The value can be a string or an array.

  Rendered layout layouts/application.html.erb (Duration: 1069.3ms | Allocations: 5924)
Completed 500 Internal Server Error in 1072ms (ActiveRecord: 0.0ms | Allocations: 6877)


  
ActionView::Template::Error (Webpacker can't find application.js in /home/vanganur/development/tch/tch/public/packs/manifest.json. Possible causes:
1. You want to set webpacker.yml value of compile to true for your environment
   unless you are using the `webpack -w` or the webpack-dev-server.
2. webpack has not yet re-run to reflect updates.
3. You have misconfigured Webpacker's config/webpacker.yml file.
4. Your webpack configuration is not creating a manifest.
Your manifest contains:
{
  "entrypoints": {
    "slider": {
      "js": [
        "/packs/js/slider-51b8ad41174ce6937c86.js"
      ],
      "js.map": [
        "/packs/js/slider-51b8ad41174ce6937c86.js.map"
      ]
    }
  },
  "slider.js": "/packs/js/slider-51b8ad41174ce6937c86.js",
  "slider.js.map": "/packs/js/slider-51b8ad41174ce6937c86.js.map"
}
):
     6:   <%= csp_meta_tag %>
     7: 
     8:   <%= stylesheet_link_tag 'application', media: 'all', 'data-turbolinks-track': 'reload' %>
     9:   <%= javascript_pack_tag 'application' %>  <!-- Include the main application JS pack -->
    10:   <%= stylesheet_pack_tag 'application', media: 'all' %>  <!-- If you're using Webpacker for styles -->
    11:   
    12: </head>
  
app/views/layouts/application.html.erb:9
Started GET "/" for 127.0.0.1 at 2024-10-22 21:42:02 +0200
Processing by HomeController#index as HTML
  Rendering layout layouts/application.html.erb
  Rendering home/index.html.erb within layouts/application
  Rendered home/index.html.erb within layouts/application (Duration: 2.1ms | Allocations: 1550)
[Webpacker] Everything's up-to-date. Nothing to do
  Rendered layout layouts/application.html.erb (Duration: 6.2ms | Allocations: 5122)
Completed 500 Internal Server Error in 8ms (ActiveRecord: 0.0ms | Allocations: 6075)


  
ActionView::Template::Error (Webpacker can't find application.js in /home/vanganur/development/tch/tch/public/packs/manifest.json. Possible causes:
1. You want to set webpacker.yml value of compile to true for your environment
   unless you are using the `webpack -w` or the webpack-dev-server.
2. webpack has not yet re-run to reflect updates.
3. You have misconfigured Webpacker's config/webpacker.yml file.
4. Your webpack configuration is not creating a manifest.
Your manifest contains:
{
  "entrypoints": {
    "slider": {
      "js": [
        "/packs/js/slider-51b8ad41174ce6937c86.js"
      ],
      "js.map": [
        "/packs/js/slider-51b8ad41174ce6937c86.js.map"
      ]
    }
  },
  "slider.js": "/packs/js/slider-51b8ad41174ce6937c86.js",
  "slider.js.map": "/packs/js/slider-51b8ad41174ce6937c86.js.map"
}
):
     6:   <%= csp_meta_tag %>
     7: 
     8:   <%= stylesheet_link_tag 'application', media: 'all', 'data-turbolinks-track': 'reload' %>
     9:   <%= javascript_pack_tag 'application' %>  <!-- Include the main application JS pack -->
    10:   <%= stylesheet_pack_tag 'application', media: 'all' %>  <!-- If you're using Webpacker for styles -->
    11: 
    12: </head>
  
app/views/layouts/application.html.erb:9
Started GET "/" for 127.0.0.1 at 2024-10-22 21:46:06 +0200
Processing by HomeController#index as HTML
  Rendering layout layouts/application.html.erb
  Rendering home/index.html.erb within layouts/application
  Rendered home/index.html.erb within layouts/application (Duration: 3.3ms | Allocations: 1360)
[Webpacker] Compiling...
[Webpacker] Compilation failed:
warning package.json: No license field
Invalid configuration object. Webpack has been initialised using a configuration object that does not match the API schema.
 - configuration.entry should be an non-empty object.
   -> Multiple entry bundles are created. The key is the chunk name. The value can be a string or an array.

  Rendered layout layouts/application.html.erb (Duration: 1761.6ms | Allocations: 5245)
Completed 500 Internal Server Error in 1763ms (ActiveRecord: 0.0ms | Allocations: 5530)


  
ActionView::Template::Error (Webpacker can't find application.js in /home/vanganur/development/tch/tch/public/packs/manifest.json. Possible causes:
1. You want to set webpacker.yml value of compile to true for your environment
   unless you are using the `webpack -w` or the webpack-dev-server.
2. webpack has not yet re-run to reflect updates.
3. You have misconfigured Webpacker's config/webpacker.yml file.
4. Your webpack configuration is not creating a manifest.
Your manifest contains:
{
}
):
     6:   <%= csp_meta_tag %>
     7: 
     8:   <%= stylesheet_link_tag 'application', media: 'all', 'data-turbolinks-track': 'reload' %>
     9:   <%= javascript_pack_tag 'application' %>  <!-- Include the main application JS pack -->
    10:   <%= stylesheet_pack_tag 'application', media: 'all' %>  <!-- If you're using Webpacker for styles -->
    11: 
    12: </head>
  
app/views/layouts/application.html.erb:9
Started GET "/" for 127.0.0.1 at 2024-10-22 21:47:14 +0200
  [1m[36mActiveRecord::SchemaMigration Load (0.2ms)[0m  [1m[34mSELECT "schema_migrations"."version" FROM "schema_migrations" ORDER BY "schema_migrations"."version" ASC[0m
Processing by HomeController#index as HTML
  Rendering layout layouts/application.html.erb
  Rendering home/index.html.erb within layouts/application
  Rendered home/index.html.erb within layouts/application (Duration: 62.8ms | Allocations: 29706)
[Webpacker] Compiling...
[Webpacker] Compilation failed:
warning package.json: No license field
Invalid configuration object. Webpack has been initialised using a configuration object that does not match the API schema.
 - configuration.entry should be an non-empty object.
   -> Multiple entry bundles are created. The key is the chunk name. The value can be a string or an array.

  Rendered layout layouts/application.html.erb (Duration: 1762.1ms | Allocations: 34742)
Completed 500 Internal Server Error in 1780ms (ActiveRecord: 0.0ms | Allocations: 39024)


  
ActionView::Template::Error (Webpacker can't find application.js in /home/vanganur/development/tch/tch/public/packs/manifest.json. Possible causes:
1. You want to set webpacker.yml value of compile to true for your environment
   unless you are using the `webpack -w` or the webpack-dev-server.
2. webpack has not yet re-run to reflect updates.
3. You have misconfigured Webpacker's config/webpacker.yml file.
4. Your webpack configuration is not creating a manifest.
Your manifest contains:
{
}
):
     6:   <%= csp_meta_tag %>
     7: 
     8:   <%= stylesheet_link_tag 'application', media: 'all', 'data-turbolinks-track': 'reload' %>
     9:   <%= javascript_pack_tag 'application' %>  <!-- Include the main application JS pack -->
    10:   <%= stylesheet_pack_tag 'application', media: 'all' %>  <!-- If you're using Webpacker for styles -->
    11: 
    12: </head>
  
app/views/layouts/application.html.erb:9
Started GET "/" for 127.0.0.1 at 2024-10-22 21:48:54 +0200
Processing by HomeController#index as HTML
  Rendering layout layouts/application.html.erb
  Rendering home/index.html.erb within layouts/application
  Rendered home/index.html.erb within layouts/application (Duration: 3.7ms | Allocations: 1360)
[Webpacker] Everything's up-to-date. Nothing to do
  Rendered layout layouts/application.html.erb (Duration: 11.6ms | Allocations: 4548)
Completed 500 Internal Server Error in 13ms (ActiveRecord: 0.0ms | Allocations: 4840)


  
ActionView::Template::Error (unexpected token at ''):
     6:   <%= csp_meta_tag %>
     7: 
     8:   <%= stylesheet_link_tag 'application', media: 'all', 'data-turbolinks-track': 'reload' %>
     9:   <%= javascript_pack_tag 'application' %>  <!-- Include the main application JS pack -->
    10:   <%= stylesheet_pack_tag 'application', media: 'all' %>  <!-- If you're using Webpacker for styles -->
    11: 
    12: </head>
  
app/views/layouts/application.html.erb:9
Started GET "/" for 127.0.0.1 at 2024-10-22 21:50:38 +0200
Processing by HomeController#index as HTML
  Rendering layout layouts/application.html.erb
  Rendering home/index.html.erb within layouts/application
  Rendered home/index.html.erb within layouts/application (Duration: 8.7ms | Allocations: 1550)
[Webpacker] Everything's up-to-date. Nothing to do
  Rendered layout layouts/application.html.erb (Duration: 29.0ms | Allocations: 5027)
Completed 500 Internal Server Error in 37ms (ActiveRecord: 0.0ms | Allocations: 5978)


  
ActionView::Template::Error (unexpected token at ''):
     6:   <%= csp_meta_tag %>
     7: 
     8:   <%= stylesheet_link_tag 'application', media: 'all', 'data-turbolinks-track': 'reload' %>
     9:   <%= javascript_pack_tag 'application', 'data-turbolinks-track': 'reload' %>
    10: 
    11: </head>
    12: 
  
app/views/layouts/application.html.erb:9
Started GET "/" for 127.0.0.1 at 2024-10-22 21:53:45 +0200
Processing by HomeController#index as HTML
  Rendering layout layouts/application.html.erb
  Rendering home/index.html.erb within layouts/application
  Rendered home/index.html.erb within layouts/application (Duration: 3.0ms | Allocations: 1552)
[Webpacker] Everything's up-to-date. Nothing to do
  Rendered layout layouts/application.html.erb (Duration: 10.2ms | Allocations: 5036)
Completed 500 Internal Server Error in 13ms (ActiveRecord: 0.0ms | Allocations: 5992)


  
ActionView::Template::Error (unexpected token at ''):
     7:   <%= csp_meta_tag %>
     8: 
     9:   <%= stylesheet_link_tag 'application', media: 'all', 'data-turbolinks-track': 'reload' %>
    10:   <%= javascript_pack_tag 'application', 'data-turbolinks-track': 'reload' %>
    11: </head>
    12: 
    13: <body>
  
app/views/layouts/application.html.erb:10
Started GET "/" for 127.0.0.1 at 2024-10-22 21:54:48 +0200
Processing by HomeController#index as HTML
  Rendering layout layouts/application.html.erb
  Rendering home/index.html.erb within layouts/application
  Rendered home/index.html.erb within layouts/application (Duration: 2.7ms | Allocations: 1360)
[Webpacker] Everything's up-to-date. Nothing to do
  Rendered layout layouts/application.html.erb (Duration: 10.3ms | Allocations: 4609)
Completed 500 Internal Server Error in 11ms (ActiveRecord: 0.0ms | Allocations: 4898)


  
ActionView::Template::Error (Webpacker can't find application.js in /home/vanganur/development/tch/tch/public/packs/manifest.json. Possible causes:
1. You want to set webpacker.yml value of compile to true for your environment
   unless you are using the `webpack -w` or the webpack-dev-server.
2. webpack has not yet re-run to reflect updates.
3. You have misconfigured Webpacker's config/webpacker.yml file.
4. Your webpack configuration is not creating a manifest.
Your manifest contains:
{
}
):
     7:   <%= csp_meta_tag %>
     8: 
     9:   <%= stylesheet_link_tag 'application', media: 'all', 'data-turbolinks-track': 'reload' %>
    10:   <%= javascript_pack_tag 'application', 'data-turbolinks-track': 'reload' %>
    11: </head>
    12: 
    13: <body>
  
app/views/layouts/application.html.erb:10
Started GET "/" for 127.0.0.1 at 2024-10-22 21:55:11 +0200
Processing by HomeController#index as HTML
  Rendering layout layouts/application.html.erb
  Rendering home/index.html.erb within layouts/application
  Rendered home/index.html.erb within layouts/application (Duration: 5.3ms | Allocations: 1360)
[Webpacker] Everything's up-to-date. Nothing to do
  Rendered layout layouts/application.html.erb (Duration: 13.1ms | Allocations: 4609)
Completed 500 Internal Server Error in 16ms (ActiveRecord: 0.0ms | Allocations: 4898)


  
ActionView::Template::Error (Webpacker can't find application.js in /home/vanganur/development/tch/tch/public/packs/manifest.json. Possible causes:
1. You want to set webpacker.yml value of compile to true for your environment
   unless you are using the `webpack -w` or the webpack-dev-server.
2. webpack has not yet re-run to reflect updates.
3. You have misconfigured Webpacker's config/webpacker.yml file.
4. Your webpack configuration is not creating a manifest.
Your manifest contains:
{
}
):
     7:   <%= csp_meta_tag %>
     8: 
     9:   <%= stylesheet_link_tag 'application', media: 'all', 'data-turbolinks-track': 'reload' %>
    10:   <%= javascript_pack_tag 'application', 'data-turbolinks-track': 'reload' %>
    11: </head>
    12: 
    13: <body>
  
app/views/layouts/application.html.erb:10
Started GET "/" for 127.0.0.1 at 2024-10-22 21:57:47 +0200
Processing by HomeController#index as HTML
  Rendering layout layouts/application.html.erb
  Rendering home/index.html.erb within layouts/application
  Rendered home/index.html.erb within layouts/application (Duration: 3.4ms | Allocations: 1360)
[Webpacker] Everything's up-to-date. Nothing to do
  Rendered layout layouts/application.html.erb (Duration: 15.2ms | Allocations: 4347)
Completed 200 OK in 17ms (Views: 16.2ms | ActiveRecord: 0.0ms | Allocations: 4692)


Started GET "/packs/js/application-%3Chash%3E.js" for 127.0.0.1 at 2024-10-22 21:57:48 +0200
Started GET "/packs/js/application-%3Chash" for 127.0.0.1 at 2024-10-22 21:57:48 +0200
  
ActionController::RoutingError (No route matches [GET] "/packs/js/application-%3Chash"):
  
  
ActionController::RoutingError (No route matches [GET] "/packs/js/application-%3Chash%3E.js"):
  
Started GET "/" for 127.0.0.1 at 2024-10-22 22:00:08 +0200
Processing by HomeController#index as HTML
  Rendering layout layouts/application.html.erb
  Rendering home/index.html.erb within layouts/application
  Rendered home/index.html.erb within layouts/application (Duration: 0.4ms | Allocations: 119)
[Webpacker] Everything's up-to-date. Nothing to do
  Rendered layout layouts/application.html.erb (Duration: 10.3ms | Allocations: 3530)
Completed 200 OK in 14ms (Views: 12.0ms | ActiveRecord: 0.0ms | Allocations: 4611)


Started GET "/slide1.jpeg" for 127.0.0.1 at 2024-10-22 22:00:08 +0200
Started GET "/slide2.jpeg" for 127.0.0.1 at 2024-10-22 22:00:08 +0200
Started GET "/slide3.jpeg" for 127.0.0.1 at 2024-10-22 22:00:08 +0200
Started GET "/packs/js/application-%3Chash" for 127.0.0.1 at 2024-10-22 22:00:08 +0200
Started GET "/packs/js/application-%3Chash%3E.js" for 127.0.0.1 at 2024-10-22 22:00:08 +0200
  
ActionController::RoutingError (No route matches [GET] "/slide1.jpeg"):
  
  
ActionController::RoutingError (No route matches [GET] "/slide2.jpeg"):
  
  
ActionController::RoutingError (No route matches [GET] "/slide3.jpeg"):
  
  
ActionController::RoutingError (No route matches [GET] "/packs/js/application-%3Chash"):
  
  
ActionController::RoutingError (No route matches [GET] "/packs/js/application-%3Chash%3E.js"):
  
Started GET "/slide2.jpeg" for 127.0.0.1 at 2024-10-22 22:00:09 +0200
Started GET "/slide3.jpeg" for 127.0.0.1 at 2024-10-22 22:00:09 +0200
Started GET "/slide1.jpeg" for 127.0.0.1 at 2024-10-22 22:00:09 +0200
  
ActionController::RoutingError (No route matches [GET] "/slide3.jpeg"):
  
  
ActionController::RoutingError (No route matches [GET] "/slide2.jpeg"):
  
  
ActionController::RoutingError (No route matches [GET] "/slide1.jpeg"):
  
Started GET "/" for 127.0.0.1 at 2024-10-22 22:00:40 +0200
Processing by HomeController#index as HTML
  Rendering layout layouts/application.html.erb
  Rendering home/index.html.erb within layouts/application
  Rendered home/index.html.erb within layouts/application (Duration: 0.6ms | Allocations: 118)
[Webpacker] Everything's up-to-date. Nothing to do
  Rendered layout layouts/application.html.erb (Duration: 7.6ms | Allocations: 3561)
Completed 200 OK in 11ms (Views: 9.9ms | ActiveRecord: 0.0ms | Allocations: 4649)


Started GET "/packs/js/application-%3Chash%3E.js" for 127.0.0.1 at 2024-10-22 22:00:40 +0200
Started GET "/packs/js/application-%3Chash" for 127.0.0.1 at 2024-10-22 22:00:40 +0200
  
ActionController::RoutingError (No route matches [GET] "/packs/js/application-%3Chash%3E.js"):
  
  
ActionController::RoutingError (No route matches [GET] "/packs/js/application-%3Chash"):
  
Started GET "/slide3.jpeg" for 127.0.0.1 at 2024-10-22 22:00:40 +0200
Started GET "/slide1.jpeg" for 127.0.0.1 at 2024-10-22 22:00:40 +0200
Started GET "/slide2.jpeg" for 127.0.0.1 at 2024-10-22 22:00:40 +0200
  
ActionController::RoutingError (No route matches [GET] "/slide1.jpeg"):
  
  
ActionController::RoutingError (No route matches [GET] "/slide3.jpeg"):
  
  
ActionController::RoutingError (No route matches [GET] "/slide2.jpeg"):
  
Started GET "/" for 127.0.0.1 at 2024-10-22 22:04:32 +0200
Processing by HomeController#index as HTML
  Rendering layout layouts/application.html.erb
  Rendering home/index.html.erb within layouts/application
  Rendered home/index.html.erb within layouts/application (Duration: 3.4ms | Allocations: 1564)
[Webpacker] Everything's up-to-date. Nothing to do
  Rendered layout layouts/application.html.erb (Duration: 892.1ms | Allocations: 7223)
Completed 200 OK in 895ms (Views: 893.8ms | ActiveRecord: 0.0ms | Allocations: 8298)


Started GET "/packs/js/application-%3Chash%3E.js" for 127.0.0.1 at 2024-10-22 22:04:33 +0200
Started GET "/packs/js/application-%3Chash" for 127.0.0.1 at 2024-10-22 22:04:33 +0200
  
ActionController::RoutingError (No route matches [GET] "/packs/js/application-%3Chash%3E.js"):
  
  
ActionController::RoutingError (No route matches [GET] "/packs/js/application-%3Chash"):
  
Started GET "/" for 127.0.0.1 at 2024-10-22 22:05:44 +0200
Processing by HomeController#index as HTML
  Rendering layout layouts/application.html.erb
  Rendering home/index.html.erb within layouts/application
  Rendered home/index.html.erb within layouts/application (Duration: 3.6ms | Allocations: 1360)
[Webpacker] Everything's up-to-date. Nothing to do
  Rendered layout layouts/application.html.erb (Duration: 11.2ms | Allocations: 4228)
Completed 200 OK in 13ms (Views: 12.0ms | ActiveRecord: 0.0ms | Allocations: 4643)


Started GET "/packs/js/application-%3Chash%3E.js" for 127.0.0.1 at 2024-10-22 22:05:44 +0200
Started GET "/packs/js/application-%3Chash" for 127.0.0.1 at 2024-10-22 22:05:44 +0200
  
ActionController::RoutingError (No route matches [GET] "/packs/js/application-%3Chash%3E.js"):
  
  
ActionController::RoutingError (No route matches [GET] "/packs/js/application-%3Chash"):
  
Started GET "/" for 127.0.0.1 at 2024-10-22 22:06:11 +0200
Processing by HomeController#index as HTML
  Rendering layout layouts/application.html.erb
  Rendering home/index.html.erb within layouts/application
  Rendered home/index.html.erb within layouts/application (Duration: 3.9ms | Allocations: 1357)
[Webpacker] Everything's up-to-date. Nothing to do
  Rendered layout layouts/application.html.erb (Duration: 12.4ms | Allocations: 4225)
Completed 200 OK in 14ms (Views: 13.2ms | ActiveRecord: 0.0ms | Allocations: 4631)


Started GET "/packs/js/application-%3Chash" for 127.0.0.1 at 2024-10-22 22:06:11 +0200
  
ActionController::RoutingError (No route matches [GET] "/packs/js/application-%3Chash"):
  
Started GET "/packs/js/application-%3Chash%3E.js" for 127.0.0.1 at 2024-10-22 22:06:11 +0200
  
ActionController::RoutingError (No route matches [GET] "/packs/js/application-%3Chash%3E.js"):
  
Started GET "/" for 127.0.0.1 at 2024-10-22 22:08:10 +0200
Processing by HomeController#index as HTML
  Rendering layout layouts/application.html.erb
  Rendering home/index.html.erb within layouts/application
  Rendered home/index.html.erb within layouts/application (Duration: 2.2ms | Allocations: 1360)
[Webpacker] Everything's up-to-date. Nothing to do
  Rendered layout layouts/application.html.erb (Duration: 8.5ms | Allocations: 4228)
Completed 200 OK in 10ms (Views: 9.3ms | ActiveRecord: 0.0ms | Allocations: 4637)


Started GET "/packs/js/application-%3Chash%3E.js" for 127.0.0.1 at 2024-10-22 22:08:11 +0200
Started GET "/packs/js/application-%3Chash" for 127.0.0.1 at 2024-10-22 22:08:11 +0200
  
ActionController::RoutingError (No route matches [GET] "/packs/js/application-%3Chash%3E.js"):
  
  
ActionController::RoutingError (No route matches [GET] "/packs/js/application-%3Chash"):
  
Started GET "/" for 127.0.0.1 at 2024-10-22 22:11:04 +0200
Processing by HomeController#index as HTML
  Rendering layout layouts/application.html.erb
  Rendering home/index.html.erb within layouts/application
  Rendered home/index.html.erb within layouts/application (Duration: 5.5ms | Allocations: 1700)
[Webpacker] Compiling...
[Webpacker] Compilation failed:
warning package.json: No license field
Invalid configuration object. Webpack has been initialised using a configuration object that does not match the API schema.
 - configuration.entry should be an non-empty object.
   -> Multiple entry bundles are created. The key is the chunk name. The value can be a string or an array.

  Rendered layout layouts/application.html.erb (Duration: 1921.2ms | Allocations: 5714)
Completed 200 OK in 1925ms (Views: 1923.9ms | ActiveRecord: 0.0ms | Allocations: 6795)


Started GET "/packs/js/application-%3Chash" for 127.0.0.1 at 2024-10-22 22:11:06 +0200
  
ActionController::RoutingError (No route matches [GET] "/packs/js/application-%3Chash"):
  
Started GET "/packs/js/application-%3Chash%3E.js" for 127.0.0.1 at 2024-10-22 22:11:06 +0200
  
ActionController::RoutingError (No route matches [GET] "/packs/js/application-%3Chash%3E.js"):
  
Started GET "/" for 127.0.0.1 at 2024-10-22 22:18:25 +0200
Processing by HomeController#index as HTML
  Rendering layout layouts/application.html.erb
  Rendering home/index.html.erb within layouts/application
  Rendered home/index.html.erb within layouts/application (Duration: 3.7ms | Allocations: 1682)
[Webpacker] Everything's up-to-date. Nothing to do
  Rendered layout layouts/application.html.erb (Duration: 13.4ms | Allocations: 4994)
Completed 200 OK in 17ms (Views: 15.2ms | ActiveRecord: 0.0ms | Allocations: 6062)


Started GET "/packs/js/application-%3Chash%3E.js" for 127.0.0.1 at 2024-10-22 22:18:25 +0200
Started GET "/packs/js/application-%3Chash" for 127.0.0.1 at 2024-10-22 22:18:25 +0200
  
ActionController::RoutingError (No route matches [GET] "/packs/js/application-%3Chash%3E.js"):
  
  
ActionController::RoutingError (No route matches [GET] "/packs/js/application-%3Chash"):
  
Started GET "/" for 127.0.0.1 at 2024-10-22 22:19:29 +0200
Processing by HomeController#index as HTML
  Rendering layout layouts/application.html.erb
  Rendering home/index.html.erb within layouts/application
  Rendered home/index.html.erb within layouts/application (Duration: 3.9ms | Allocations: 1688)
[Webpacker] Everything's up-to-date. Nothing to do
  Rendered layout layouts/application.html.erb (Duration: 468.7ms | Allocations: 7200)
Completed 200 OK in 473ms (Views: 470.8ms | ActiveRecord: 0.0ms | Allocations: 8281)


Started GET "/packs/js/application-%3Chash" for 127.0.0.1 at 2024-10-22 22:19:30 +0200
Started GET "/packs/js/application-%3Chash%3E.js" for 127.0.0.1 at 2024-10-22 22:19:30 +0200
  
ActionController::RoutingError (No route matches [GET] "/packs/js/application-%3Chash%3E.js"):
  
  
ActionController::RoutingError (No route matches [GET] "/packs/js/application-%3Chash"):
  
Started GET "/" for 127.0.0.1 at 2024-10-22 22:19:49 +0200
Processing by HomeController#index as HTML
  Rendering layout layouts/application.html.erb
  Rendering home/index.html.erb within layouts/application
  Rendered home/index.html.erb within layouts/application (Duration: 3.5ms | Allocations: 1380)
[Webpacker] Everything's up-to-date. Nothing to do
  Rendered layout layouts/application.html.erb (Duration: 493.2ms | Allocations: 6498)
Completed 200 OK in 496ms (Views: 495.6ms | ActiveRecord: 0.0ms | Allocations: 6902)


Started GET "/packs/js/application-%3Chash" for 127.0.0.1 at 2024-10-22 22:19:50 +0200
Started GET "/packs/js/application-%3Chash%3E.js" for 127.0.0.1 at 2024-10-22 22:19:50 +0200
  
ActionController::RoutingError (No route matches [GET] "/packs/js/application-%3Chash"):
  
  
ActionController::RoutingError (No route matches [GET] "/packs/js/application-%3Chash%3E.js"):
  
Started GET "/" for 127.0.0.1 at 2024-10-22 22:20:00 +0200
Processing by HomeController#index as HTML
  Rendering layout layouts/application.html.erb
  Rendering home/index.html.erb within layouts/application
  Rendered home/index.html.erb within layouts/application (Duration: 3.3ms | Allocations: 1380)
[Webpacker] Everything's up-to-date. Nothing to do
  Rendered layout layouts/application.html.erb (Duration: 10.7ms | Allocations: 4399)
Completed 200 OK in 12ms (Views: 11.3ms | ActiveRecord: 0.0ms | Allocations: 4798)


Started GET "/packs/js/application-%3Chash" for 127.0.0.1 at 2024-10-22 22:20:00 +0200
Started GET "/packs/js/application-%3Chash%3E.js" for 127.0.0.1 at 2024-10-22 22:20:00 +0200
  
ActionController::RoutingError (No route matches [GET] "/packs/js/application-%3Chash"):
  
  
ActionController::RoutingError (No route matches [GET] "/packs/js/application-%3Chash%3E.js"):
  
Started GET "/" for 127.0.0.1 at 2024-10-22 22:20:28 +0200
Processing by HomeController#index as HTML
  Rendering layout layouts/application.html.erb
  Rendering home/index.html.erb within layouts/application
  Rendered home/index.html.erb within layouts/application (Duration: 3.4ms | Allocations: 1380)
[Webpacker] Everything's up-to-date. Nothing to do
  Rendered layout layouts/application.html.erb (Duration: 465.2ms | Allocations: 6488)
Completed 200 OK in 467ms (Views: 466.1ms | ActiveRecord: 0.0ms | Allocations: 6885)


Started GET "/packs/js/application-%3Chash" for 127.0.0.1 at 2024-10-22 22:20:29 +0200
  
ActionController::RoutingError (No route matches [GET] "/packs/js/application-%3Chash"):
  
Started GET "/packs/js/application-%3Chash%3E.js" for 127.0.0.1 at 2024-10-22 22:20:29 +0200
  
ActionController::RoutingError (No route matches [GET] "/packs/js/application-%3Chash%3E.js"):
  
Started GET "/" for 127.0.0.1 at 2024-10-22 22:22:58 +0200
Processing by HomeController#index as HTML
  Rendering layout layouts/application.html.erb
  Rendering home/index.html.erb within layouts/application
  Rendered home/index.html.erb within layouts/application (Duration: 4.8ms | Allocations: 1681)
[Webpacker] Everything's up-to-date. Nothing to do
  Rendered layout layouts/application.html.erb (Duration: 13.0ms | Allocations: 5004)
Completed 200 OK in 17ms (Views: 15.1ms | ActiveRecord: 0.0ms | Allocations: 6072)


Started GET "/packs/js/application-%3Chash" for 127.0.0.1 at 2024-10-22 22:22:59 +0200
  
ActionController::RoutingError (No route matches [GET] "/packs/js/application-%3Chash"):
  
Started GET "/packs/js/application-%3Chash%3E.js" for 127.0.0.1 at 2024-10-22 22:22:59 +0200
  
ActionController::RoutingError (No route matches [GET] "/packs/js/application-%3Chash%3E.js"):
  
Started GET "/" for 127.0.0.1 at 2024-10-22 22:23:16 +0200
Processing by HomeController#index as HTML
  Rendering layout layouts/application.html.erb
  Rendering home/index.html.erb within layouts/application
  Rendered home/index.html.erb within layouts/application (Duration: 4.1ms | Allocations: 1686)
[Webpacker] Everything's up-to-date. Nothing to do
  Rendered layout layouts/application.html.erb (Duration: 14.0ms | Allocations: 5069)
Completed 200 OK in 22ms (Views: 20.4ms | ActiveRecord: 0.0ms | Allocations: 6142)


Started GET "/packs/js/application-%3Chash" for 127.0.0.1 at 2024-10-22 22:23:17 +0200
Started GET "/packs/js/application-%3Chash%3E.js" for 127.0.0.1 at 2024-10-22 22:23:17 +0200
  
ActionController::RoutingError (No route matches [GET] "/packs/js/application-%3Chash"):
  
  
ActionController::RoutingError (No route matches [GET] "/packs/js/application-%3Chash%3E.js"):
  
Started GET "/" for 127.0.0.1 at 2024-10-22 22:27:39 +0200
  [1m[36mActiveRecord::SchemaMigration Load (0.2ms)[0m  [1m[34mSELECT "schema_migrations"."version" FROM "schema_migrations" ORDER BY "schema_migrations"."version" ASC[0m
Processing by HomeController#index as HTML
  Rendering layout layouts/application.html.erb
  Rendering home/index.html.erb within layouts/application
  Rendered home/index.html.erb within layouts/application (Duration: 1472.7ms | Allocations: 124685)
[Webpacker] Everything's up-to-date. Nothing to do
  Rendered layout layouts/application.html.erb (Duration: 1482.9ms | Allocations: 128409)
Completed 200 OK in 1502ms (Views: 1487.9ms | ActiveRecord: 0.0ms | Allocations: 133860)


Started GET "/packs/js/application-%3Chash" for 127.0.0.1 at 2024-10-22 22:27:41 +0200
Started GET "/packs/js/application-%3Chash%3E.js" for 127.0.0.1 at 2024-10-22 22:27:41 +0200
  
ActionController::RoutingError (No route matches [GET] "/packs/js/application-%3Chash"):
  
  
ActionController::RoutingError (No route matches [GET] "/packs/js/application-%3Chash%3E.js"):
  
Started GET "/" for 127.0.0.1 at 2024-10-22 22:29:19 +0200
Processing by HomeController#index as HTML
  Rendering layout layouts/application.html.erb
  Rendering home/index.html.erb within layouts/application
  Rendered home/index.html.erb within layouts/application (Duration: 4.3ms | Allocations: 1716)
[Webpacker] Everything's up-to-date. Nothing to do
  Rendered layout layouts/application.html.erb (Duration: 1712.8ms | Allocations: 65286)
Completed 200 OK in 1717ms (Views: 1715.0ms | ActiveRecord: 0.0ms | Allocations: 66372)


Started GET "/packs/js/application-%3Chash" for 127.0.0.1 at 2024-10-22 22:29:21 +0200
Started GET "/packs/js/application-%3Chash%3E.js" for 127.0.0.1 at 2024-10-22 22:29:21 +0200
  
ActionController::RoutingError (No route matches [GET] "/packs/js/application-%3Chash%3E.js"):
  
  
ActionController::RoutingError (No route matches [GET] "/packs/js/application-%3Chash"):
  
Started GET "/" for 127.0.0.1 at 2024-10-22 22:30:10 +0200
Processing by HomeController#index as HTML
  Rendering layout layouts/application.html.erb
  Rendering home/index.html.erb within layouts/application
  Rendered home/index.html.erb within layouts/application (Duration: 4.6ms | Allocations: 1711)
[Webpacker] Everything's up-to-date. Nothing to do
  Rendered layout layouts/application.html.erb (Duration: 23.8ms | Allocations: 8502)
Completed 200 OK in 28ms (Views: 26.1ms | ActiveRecord: 0.0ms | Allocations: 9596)


Started GET "/packs/js/application-%3Chash" for 127.0.0.1 at 2024-10-22 22:30:10 +0200
Started GET "/packs/js/application-%3Chash%3E.js" for 127.0.0.1 at 2024-10-22 22:30:10 +0200
  
ActionController::RoutingError (No route matches [GET] "/packs/js/application-%3Chash"):
  
  
ActionController::RoutingError (No route matches [GET] "/packs/js/application-%3Chash%3E.js"):
  
Started GET "/" for 127.0.0.1 at 2024-10-22 22:30:12 +0200
Processing by HomeController#index as HTML
  Rendering layout layouts/application.html.erb
  Rendering home/index.html.erb within layouts/application
  Rendered home/index.html.erb within layouts/application (Duration: 4.1ms | Allocations: 1411)
[Webpacker] Everything's up-to-date. Nothing to do
  Rendered layout layouts/application.html.erb (Duration: 26.5ms | Allocations: 7835)
Completed 200 OK in 29ms (Views: 27.5ms | ActiveRecord: 0.0ms | Allocations: 8242)


Started GET "/packs/js/application-%3Chash" for 127.0.0.1 at 2024-10-22 22:30:12 +0200
Started GET "/packs/js/application-%3Chash%3E.js" for 127.0.0.1 at 2024-10-22 22:30:12 +0200
  
ActionController::RoutingError (No route matches [GET] "/packs/js/application-%3Chash"):
  
  
ActionController::RoutingError (No route matches [GET] "/packs/js/application-%3Chash%3E.js"):
  
Started GET "/" for 127.0.0.1 at 2024-10-22 22:30:20 +0200
Processing by HomeController#index as HTML
  Rendering layout layouts/application.html.erb
  Rendering home/index.html.erb within layouts/application
  Rendered home/index.html.erb within layouts/application (Duration: 3.8ms | Allocations: 1716)
[Webpacker] Everything's up-to-date. Nothing to do
  Rendered layout layouts/application.html.erb (Duration: 20.3ms | Allocations: 8608)
Completed 200 OK in 27ms (Views: 22.8ms | ActiveRecord: 0.0ms | Allocations: 9702)


Started GET "/packs/js/application-%3Chash" for 127.0.0.1 at 2024-10-22 22:30:20 +0200
Started GET "/packs/js/application-%3Chash%3E.js" for 127.0.0.1 at 2024-10-22 22:30:20 +0200
  
ActionController::RoutingError (No route matches [GET] "/packs/js/application-%3Chash"):
  
  
ActionController::RoutingError (No route matches [GET] "/packs/js/application-%3Chash%3E.js"):
  
Started GET "/" for 127.0.0.1 at 2024-10-22 22:30:43 +0200
Processing by HomeController#index as HTML
  Rendering layout layouts/application.html.erb
  Rendering home/index.html.erb within layouts/application
  Rendered home/index.html.erb within layouts/application (Duration: 5.1ms | Allocations: 1716)
[Webpacker] Everything's up-to-date. Nothing to do
  Rendered layout layouts/application.html.erb (Duration: 24.8ms | Allocations: 8544)
Completed 200 OK in 29ms (Views: 27.3ms | ActiveRecord: 0.0ms | Allocations: 9630)


Started GET "/packs/js/application-%3Chash%3E.js" for 127.0.0.1 at 2024-10-22 22:30:44 +0200
Started GET "/packs/js/application-%3Chash" for 127.0.0.1 at 2024-10-22 22:30:44 +0200
  
ActionController::RoutingError (No route matches [GET] "/packs/js/application-%3Chash%3E.js"):
  
  
ActionController::RoutingError (No route matches [GET] "/packs/js/application-%3Chash"):
  
Started GET "/" for 127.0.0.1 at 2024-10-22 22:31:02 +0200
Processing by HomeController#index as HTML
  Rendering layout layouts/application.html.erb
  Rendering home/index.html.erb within layouts/application
  Rendered home/index.html.erb within layouts/application (Duration: 4.0ms | Allocations: 1712)
[Webpacker] Everything's up-to-date. Nothing to do
  Rendered layout layouts/application.html.erb (Duration: 16.6ms | Allocations: 8599)
Completed 200 OK in 23ms (Views: 18.8ms | ActiveRecord: 0.0ms | Allocations: 9672)


Started GET "/packs/js/application-%3Chash" for 127.0.0.1 at 2024-10-22 22:31:02 +0200
  
ActionController::RoutingError (No route matches [GET] "/packs/js/application-%3Chash"):
  
Started GET "/packs/js/application-%3Chash%3E.js" for 127.0.0.1 at 2024-10-22 22:31:02 +0200
  
ActionController::RoutingError (No route matches [GET] "/packs/js/application-%3Chash%3E.js"):
  
Started GET "/" for 127.0.0.1 at 2024-10-22 22:31:48 +0200
Processing by HomeController#index as HTML
  Rendering layout layouts/application.html.erb
  Rendering home/index.html.erb within layouts/application
  Rendered home/index.html.erb within layouts/application (Duration: 4.6ms | Allocations: 1712)
[Webpacker] Everything's up-to-date. Nothing to do
  Rendered layout layouts/application.html.erb (Duration: 18.9ms | Allocations: 8544)
Completed 200 OK in 23ms (Views: 21.3ms | ActiveRecord: 0.0ms | Allocations: 9640)


Started GET "/packs/js/application-%3Chash" for 127.0.0.1 at 2024-10-22 22:31:48 +0200
Started GET "/packs/js/application-%3Chash%3E.js" for 127.0.0.1 at 2024-10-22 22:31:48 +0200
  
ActionController::RoutingError (No route matches [GET] "/packs/js/application-%3Chash"):
  
  
ActionController::RoutingError (No route matches [GET] "/packs/js/application-%3Chash%3E.js"):
  
Started GET "/" for 127.0.0.1 at 2024-10-22 22:33:56 +0200
Processing by HomeController#index as HTML
  Rendering layout layouts/application.html.erb
  Rendering home/index.html.erb within layouts/application
  Rendered home/index.html.erb within layouts/application (Duration: 3.5ms | Allocations: 1712)
[Webpacker] Everything's up-to-date. Nothing to do
  Rendered layout layouts/application.html.erb (Duration: 17.8ms | Allocations: 8542)
Completed 200 OK in 21ms (Views: 19.6ms | ActiveRecord: 0.0ms | Allocations: 9623)


Started GET "/packs/js/application-%3Chash" for 127.0.0.1 at 2024-10-22 22:33:56 +0200
  
ActionController::RoutingError (No route matches [GET] "/packs/js/application-%3Chash"):
  
Started GET "/packs/js/application-%3Chash%3E.js" for 127.0.0.1 at 2024-10-22 22:33:56 +0200
  
ActionController::RoutingError (No route matches [GET] "/packs/js/application-%3Chash%3E.js"):
  
Started GET "/" for 127.0.0.1 at 2024-10-22 22:34:11 +0200
Processing by HomeController#index as HTML
  Rendering layout layouts/application.html.erb
  Rendering home/index.html.erb within layouts/application
  Rendered home/index.html.erb within layouts/application (Duration: 4.0ms | Allocations: 1716)
[Webpacker] Everything's up-to-date. Nothing to do
  Rendered layout layouts/application.html.erb (Duration: 20.1ms | Allocations: 8606)
Completed 200 OK in 24ms (Views: 21.8ms | ActiveRecord: 0.0ms | Allocations: 9692)


Started GET "/packs/js/application-%3Chash" for 127.0.0.1 at 2024-10-22 22:34:12 +0200
Started GET "/packs/js/application-%3Chash%3E.js" for 127.0.0.1 at 2024-10-22 22:34:12 +0200
  
ActionController::RoutingError (No route matches [GET] "/packs/js/application-%3Chash"):
  
  
ActionController::RoutingError (No route matches [GET] "/packs/js/application-%3Chash%3E.js"):
  
Started GET "/" for 127.0.0.1 at 2024-10-22 22:34:23 +0200
Processing by HomeController#index as HTML
  Rendering layout layouts/application.html.erb
  Rendering home/index.html.erb within layouts/application
  Rendered home/index.html.erb within layouts/application (Duration: 4.4ms | Allocations: 1712)
[Webpacker] Everything's up-to-date. Nothing to do
  Rendered layout layouts/application.html.erb (Duration: 27.9ms | Allocations: 8603)
Completed 200 OK in 32ms (Views: 30.2ms | ActiveRecord: 0.0ms | Allocations: 9689)


Started GET "/packs/js/application-%3Chash" for 127.0.0.1 at 2024-10-22 22:34:23 +0200
Started GET "/packs/js/application-%3Chash%3E.js" for 127.0.0.1 at 2024-10-22 22:34:23 +0200
  
ActionController::RoutingError (No route matches [GET] "/packs/js/application-%3Chash"):
  
  
ActionController::RoutingError (No route matches [GET] "/packs/js/application-%3Chash%3E.js"):
  
Started GET "/" for 127.0.0.1 at 2024-10-22 22:36:47 +0200
Processing by HomeController#index as HTML
  Rendering layout layouts/application.html.erb
  Rendering home/index.html.erb within layouts/application
  Rendered home/index.html.erb within layouts/application (Duration: 3.8ms | Allocations: 1712)
[Webpacker] Everything's up-to-date. Nothing to do
  Rendered layout layouts/application.html.erb (Duration: 19.2ms | Allocations: 8542)
Completed 200 OK in 23ms (Views: 21.3ms | ActiveRecord: 0.0ms | Allocations: 9628)


Started GET "/packs/js/application-%3Chash%3E.js" for 127.0.0.1 at 2024-10-22 22:36:47 +0200
Started GET "/packs/js/application-%3Chash" for 127.0.0.1 at 2024-10-22 22:36:47 +0200
  
ActionController::RoutingError (No route matches [GET] "/packs/js/application-%3Chash%3E.js"):
  
  
ActionController::RoutingError (No route matches [GET] "/packs/js/application-%3Chash"):
  
Started GET "/" for 127.0.0.1 at 2024-10-22 22:38:33 +0200
Processing by HomeController#index as HTML
  Rendering layout layouts/application.html.erb
  Rendering home/index.html.erb within layouts/application
  Rendered home/index.html.erb within layouts/application (Duration: 2.8ms | Allocations: 1411)
[Webpacker] Everything's up-to-date. Nothing to do
  Rendered layout layouts/application.html.erb (Duration: 21.7ms | Allocations: 7835)
Completed 200 OK in 23ms (Views: 22.4ms | ActiveRecord: 0.0ms | Allocations: 8229)


Started GET "/packs/js/application-%3Chash" for 127.0.0.1 at 2024-10-22 22:38:33 +0200
  
ActionController::RoutingError (No route matches [GET] "/packs/js/application-%3Chash"):
  
Started GET "/packs/js/application-%3Chash%3E.js" for 127.0.0.1 at 2024-10-22 22:38:33 +0200
  
ActionController::RoutingError (No route matches [GET] "/packs/js/application-%3Chash%3E.js"):
  
Started GET "/membership" for 127.0.0.1 at 2024-10-22 22:38:35 +0200
Processing by HomeController#membership as HTML
Completed 406 Not Acceptable in 2ms (ActiveRecord: 0.0ms | Allocations: 1004)


  
ActionController::MissingExactTemplate (HomeController#membership is missing a template for request formats: text/html):
  
actionpack (7.1.4.1) lib/action_controller/metal/implicit_render.rb:47:in `default_render'
actionpack (7.1.4.1) lib/action_controller/metal/basic_implicit_render.rb:7:in `send_action'
actionpack (7.1.4.1) lib/abstract_controller/base.rb:224:in `process_action'
actionpack (7.1.4.1) lib/action_controller/metal/rendering.rb:165:in `process_action'
actionpack (7.1.4.1) lib/abstract_controller/callbacks.rb:259:in `block in process_action'
activesupport (7.1.4.1) lib/active_support/callbacks.rb:121:in `block in run_callbacks'
turbo-rails (2.0.11) lib/turbo-rails.rb:24:in `with_request_id'
turbo-rails (2.0.11) app/controllers/concerns/turbo/request_id_tracking.rb:10:in `turbo_tracking_request_id'
activesupport (7.1.4.1) lib/active_support/callbacks.rb:130:in `block in run_callbacks'
actiontext (7.1.4.1) lib/action_text/rendering.rb:23:in `with_renderer'
actiontext (7.1.4.1) lib/action_text/engine.rb:69:in `block (4 levels) in <class:Engine>'
activesupport (7.1.4.1) lib/active_support/callbacks.rb:130:in `instance_exec'
activesupport (7.1.4.1) lib/active_support/callbacks.rb:130:in `block in run_callbacks'
activesupport (7.1.4.1) lib/active_support/callbacks.rb:141:in `run_callbacks'
actionpack (7.1.4.1) lib/abstract_controller/callbacks.rb:258:in `process_action'
actionpack (7.1.4.1) lib/action_controller/metal/rescue.rb:25:in `process_action'
actionpack (7.1.4.1) lib/action_controller/metal/instrumentation.rb:74:in `block in process_action'
activesupport (7.1.4.1) lib/active_support/notifications.rb:206:in `block in instrument'
activesupport (7.1.4.1) lib/active_support/notifications/instrumenter.rb:58:in `instrument'
activesupport (7.1.4.1) lib/active_support/notifications.rb:206:in `instrument'
actionpack (7.1.4.1) lib/action_controller/metal/instrumentation.rb:73:in `process_action'
actionpack (7.1.4.1) lib/action_controller/metal/params_wrapper.rb:261:in `process_action'
activerecord (7.1.4.1) lib/active_record/railties/controller_runtime.rb:32:in `process_action'
actionpack (7.1.4.1) lib/abstract_controller/base.rb:160:in `process'
actionview (7.1.4.1) lib/action_view/rendering.rb:40:in `process'
actionpack (7.1.4.1) lib/action_controller/metal.rb:227:in `dispatch'
actionpack (7.1.4.1) lib/action_controller/metal.rb:309:in `dispatch'
actionpack (7.1.4.1) lib/action_dispatch/routing/route_set.rb:49:in `dispatch'
actionpack (7.1.4.1) lib/action_dispatch/routing/route_set.rb:32:in `serve'
actionpack (7.1.4.1) lib/action_dispatch/journey/router.rb:51:in `block in serve'
actionpack (7.1.4.1) lib/action_dispatch/journey/router.rb:131:in `block in find_routes'
actionpack (7.1.4.1) lib/action_dispatch/journey/router.rb:124:in `each'
actionpack (7.1.4.1) lib/action_dispatch/journey/router.rb:124:in `find_routes'
actionpack (7.1.4.1) lib/action_dispatch/journey/router.rb:32:in `serve'
actionpack (7.1.4.1) lib/action_dispatch/routing/route_set.rb:882:in `call'
rack (3.1.8) lib/rack/tempfile_reaper.rb:20:in `call'
rack (3.1.8) lib/rack/etag.rb:29:in `call'
rack (3.1.8) lib/rack/conditional_get.rb:31:in `call'
rack (3.1.8) lib/rack/head.rb:15:in `call'
actionpack (7.1.4.1) lib/action_dispatch/http/permissions_policy.rb:36:in `call'
actionpack (7.1.4.1) lib/action_dispatch/http/content_security_policy.rb:33:in `call'
rack-session (2.0.0) lib/rack/session/abstract/id.rb:272:in `context'
rack-session (2.0.0) lib/rack/session/abstract/id.rb:266:in `call'
actionpack (7.1.4.1) lib/action_dispatch/middleware/cookies.rb:689:in `call'
activerecord (7.1.4.1) lib/active_record/migration.rb:655:in `call'
actionpack (7.1.4.1) lib/action_dispatch/middleware/callbacks.rb:29:in `block in call'
activesupport (7.1.4.1) lib/active_support/callbacks.rb:101:in `run_callbacks'
actionpack (7.1.4.1) lib/action_dispatch/middleware/callbacks.rb:28:in `call'
actionpack (7.1.4.1) lib/action_dispatch/middleware/executor.rb:14:in `call'
actionpack (7.1.4.1) lib/action_dispatch/middleware/actionable_exceptions.rb:16:in `call'
actionpack (7.1.4.1) lib/action_dispatch/middleware/debug_exceptions.rb:29:in `call'
web-console (4.2.1) lib/web_console/middleware.rb:132:in `call_app'
web-console (4.2.1) lib/web_console/middleware.rb:28:in `block in call'
web-console (4.2.1) lib/web_console/middleware.rb:17:in `catch'
web-console (4.2.1) lib/web_console/middleware.rb:17:in `call'
actionpack (7.1.4.1) lib/action_dispatch/middleware/show_exceptions.rb:31:in `call'
railties (7.1.4.1) lib/rails/rack/logger.rb:37:in `call_app'
railties (7.1.4.1) lib/rails/rack/logger.rb:24:in `block in call'
activesupport (7.1.4.1) lib/active_support/tagged_logging.rb:139:in `block in tagged'
activesupport (7.1.4.1) lib/active_support/tagged_logging.rb:39:in `tagged'
activesupport (7.1.4.1) lib/active_support/tagged_logging.rb:139:in `tagged'
activesupport (7.1.4.1) lib/active_support/broadcast_logger.rb:241:in `method_missing'
railties (7.1.4.1) lib/rails/rack/logger.rb:24:in `call'
sprockets-rails (3.5.2) lib/sprockets/rails/quiet_assets.rb:17:in `call'
actionpack (7.1.4.1) lib/action_dispatch/middleware/remote_ip.rb:92:in `call'
actionpack (7.1.4.1) lib/action_dispatch/middleware/request_id.rb:28:in `call'
rack (3.1.8) lib/rack/method_override.rb:28:in `call'
rack (3.1.8) lib/rack/runtime.rb:24:in `call'
activesupport (7.1.4.1) lib/active_support/cache/strategy/local_cache_middleware.rb:29:in `call'
actionpack (7.1.4.1) lib/action_dispatch/middleware/server_timing.rb:59:in `block in call'
actionpack (7.1.4.1) lib/action_dispatch/middleware/server_timing.rb:24:in `collect_events'
actionpack (7.1.4.1) lib/action_dispatch/middleware/server_timing.rb:58:in `call'
actionpack (7.1.4.1) lib/action_dispatch/middleware/executor.rb:14:in `call'
actionpack (7.1.4.1) lib/action_dispatch/middleware/static.rb:25:in `call'
rack (3.1.8) lib/rack/sendfile.rb:114:in `call'
actionpack (7.1.4.1) lib/action_dispatch/middleware/host_authorization.rb:141:in `call'
webpacker (5.4.4) lib/webpacker/dev_server_proxy.rb:25:in `perform_request'
rack-proxy (0.7.7) lib/rack/proxy.rb:87:in `call'
railties (7.1.4.1) lib/rails/engine.rb:536:in `call'
puma (6.4.3) lib/puma/configuration.rb:272:in `call'
puma (6.4.3) lib/puma/request.rb:100:in `block in handle_request'
puma (6.4.3) lib/puma/thread_pool.rb:378:in `with_force_shutdown'
puma (6.4.3) lib/puma/request.rb:99:in `handle_request'
puma (6.4.3) lib/puma/server.rb:464:in `process_client'
puma (6.4.3) lib/puma/server.rb:245:in `block in run'
puma (6.4.3) lib/puma/thread_pool.rb:155:in `block in spawn_thread'
Started GET "/membership" for 127.0.0.1 at 2024-10-22 22:39:16 +0200
Processing by HomeController#membership as HTML
  Rendering layout layouts/application.html.erb
  Rendering home/membership.html.erb within layouts/application
  Rendered home/membership.html.erb within layouts/application (Duration: 0.3ms | Allocations: 91)
[Webpacker] Everything's up-to-date. Nothing to do
  Rendered layout layouts/application.html.erb (Duration: 15.6ms | Allocations: 7134)
Completed 200 OK in 19ms (Views: 17.3ms | ActiveRecord: 0.0ms | Allocations: 8209)


Started GET "/packs/js/application-%3Chash" for 127.0.0.1 at 2024-10-22 22:39:16 +0200
  
ActionController::RoutingError (No route matches [GET] "/packs/js/application-%3Chash"):
  
Started GET "/packs/js/application-%3Chash%3E.js" for 127.0.0.1 at 2024-10-22 22:39:16 +0200
  
ActionController::RoutingError (No route matches [GET] "/packs/js/application-%3Chash%3E.js"):
  
Started GET "/gallery" for 127.0.0.1 at 2024-10-22 22:40:04 +0200
Processing by HomeController#gallery as HTML
  Rendering layout layouts/application.html.erb
  Rendering home/gallery.html.erb within layouts/application
  Rendered home/gallery.html.erb within layouts/application (Duration: 0.5ms | Allocations: 91)
[Webpacker] Everything's up-to-date. Nothing to do
  Rendered layout layouts/application.html.erb (Duration: 19.9ms | Allocations: 7134)
Completed 200 OK in 24ms (Views: 22.2ms | ActiveRecord: 0.0ms | Allocations: 8215)


Started GET "/packs/js/application-%3Chash" for 127.0.0.1 at 2024-10-22 22:40:04 +0200
  
ActionController::RoutingError (No route matches [GET] "/packs/js/application-%3Chash"):
  
Started GET "/packs/js/application-%3Chash%3E.js" for 127.0.0.1 at 2024-10-22 22:40:04 +0200
  
ActionController::RoutingError (No route matches [GET] "/packs/js/application-%3Chash%3E.js"):
  
Started GET "/gallery" for 127.0.0.1 at 2024-10-22 22:41:25 +0200
Processing by HomeController#gallery as HTML
  Rendering layout layouts/application.html.erb
  Rendering home/gallery.html.erb within layouts/application
  Rendered home/gallery.html.erb within layouts/application (Duration: 0.4ms | Allocations: 89)
[Webpacker] Everything's up-to-date. Nothing to do
  Rendered layout layouts/application.html.erb (Duration: 17.4ms | Allocations: 7132)
Completed 200 OK in 22ms (Views: 19.7ms | ActiveRecord: 0.0ms | Allocations: 8203)


Started GET "/packs/js/application-%3Chash" for 127.0.0.1 at 2024-10-22 22:41:25 +0200
  
ActionController::RoutingError (No route matches [GET] "/packs/js/application-%3Chash"):
  
Started GET "/packs/js/application-%3Chash%3E.js" for 127.0.0.1 at 2024-10-22 22:41:25 +0200
  
ActionController::RoutingError (No route matches [GET] "/packs/js/application-%3Chash%3E.js"):
  
Started GET "/registration" for 127.0.0.1 at 2024-10-22 22:41:26 +0200
Processing by HomeController#registration as HTML
  Rendering layout layouts/application.html.erb
  Rendering home/registration.html.erb within layouts/application
  Rendered home/registration.html.erb within layouts/application (Duration: 0.5ms | Allocations: 80)
[Webpacker] Everything's up-to-date. Nothing to do
  Rendered layout layouts/application.html.erb (Duration: 19.0ms | Allocations: 6681)
Completed 200 OK in 21ms (Views: 19.9ms | ActiveRecord: 0.0ms | Allocations: 7164)


Started GET "/packs/js/application-%3Chash" for 127.0.0.1 at 2024-10-22 22:41:27 +0200
  
ActionController::RoutingError (No route matches [GET] "/packs/js/application-%3Chash"):
  
Started GET "/packs/js/application-%3Chash%3E.js" for 127.0.0.1 at 2024-10-22 22:41:27 +0200
  
ActionController::RoutingError (No route matches [GET] "/packs/js/application-%3Chash%3E.js"):
  
Started GET "/registration" for 127.0.0.1 at 2024-10-22 22:42:20 +0200
Processing by HomeController#registration as HTML
  Rendering layout layouts/application.html.erb
  Rendering home/registration.html.erb within layouts/application
  Rendered home/registration.html.erb within layouts/application (Duration: 0.3ms | Allocations: 83)
[Webpacker] Everything's up-to-date. Nothing to do
  Rendered layout layouts/application.html.erb (Duration: 26.5ms | Allocations: 7127)
Completed 200 OK in 30ms (Views: 28.6ms | ActiveRecord: 0.0ms | Allocations: 8212)


Started GET "/packs/js/application-%3Chash" for 127.0.0.1 at 2024-10-22 22:42:20 +0200
Started GET "/packs/js/application-%3Chash%3E.js" for 127.0.0.1 at 2024-10-22 22:42:20 +0200
  
ActionController::RoutingError (No route matches [GET] "/packs/js/application-%3Chash"):
  
  
ActionController::RoutingError (No route matches [GET] "/packs/js/application-%3Chash%3E.js"):
  
Started GET "/registration" for 127.0.0.1 at 2024-10-22 22:43:29 +0200
Processing by HomeController#registration as HTML
  Rendering layout layouts/application.html.erb
  Rendering home/registration.html.erb within layouts/application
  Rendered home/registration.html.erb within layouts/application (Duration: 0.1ms | Allocations: 6)
[Webpacker] Everything's up-to-date. Nothing to do
  Rendered layout layouts/application.html.erb (Duration: 772.3ms | Allocations: 10981)
Completed 200 OK in 775ms (Views: 773.0ms | ActiveRecord: 0.0ms | Allocations: 11383)


Started GET "/packs/js/application-%3Chash" for 127.0.0.1 at 2024-10-22 22:43:30 +0200
  
ActionController::RoutingError (No route matches [GET] "/packs/js/application-%3Chash"):
  
Started GET "/packs/js/application-%3Chash%3E.js" for 127.0.0.1 at 2024-10-22 22:43:30 +0200
  
ActionController::RoutingError (No route matches [GET] "/packs/js/application-%3Chash%3E.js"):
  
Started GET "/registration" for 127.0.0.1 at 2024-10-22 22:45:03 +0200
Processing by HomeController#registration as HTML
  Rendering layout layouts/application.html.erb
  Rendering home/registration.html.erb within layouts/application
  Rendered home/registration.html.erb within layouts/application (Duration: 0.1ms | Allocations: 6)
[Webpacker] Everything's up-to-date. Nothing to do
  Rendered layout layouts/application.html.erb (Duration: 642.5ms | Allocations: 11866)
Completed 200 OK in 644ms (Views: 643.4ms | ActiveRecord: 0.0ms | Allocations: 12286)


Started GET "/packs/js/application-%3Chash%3E.js" for 127.0.0.1 at 2024-10-22 22:45:04 +0200
Started GET "/packs/js/application-%3Chash" for 127.0.0.1 at 2024-10-22 22:45:04 +0200
  
ActionController::RoutingError (No route matches [GET] "/packs/js/application-%3Chash%3E.js"):
  
  
ActionController::RoutingError (No route matches [GET] "/packs/js/application-%3Chash"):
  
Started GET "/registration" for 127.0.0.1 at 2024-10-22 22:45:38 +0200
Processing by HomeController#registration as HTML
  Rendering layout layouts/application.html.erb
  Rendering home/registration.html.erb within layouts/application
  Rendered home/registration.html.erb within layouts/application (Duration: 0.1ms | Allocations: 6)
[Webpacker] Everything's up-to-date. Nothing to do
  Rendered layout layouts/application.html.erb (Duration: 611.1ms | Allocations: 11799)
Completed 200 OK in 613ms (Views: 611.8ms | ActiveRecord: 0.0ms | Allocations: 12215)


Started GET "/packs/js/application-%3Chash" for 127.0.0.1 at 2024-10-22 22:45:39 +0200
  
ActionController::RoutingError (No route matches [GET] "/packs/js/application-%3Chash"):
  
Started GET "/packs/js/application-%3Chash%3E.js" for 127.0.0.1 at 2024-10-22 22:45:39 +0200
  
ActionController::RoutingError (No route matches [GET] "/packs/js/application-%3Chash%3E.js"):
  
Started GET "/registration" for 127.0.0.1 at 2024-10-22 22:45:48 +0200
Processing by HomeController#registration as HTML
  Rendering layout layouts/application.html.erb
  Rendering home/registration.html.erb within layouts/application
  Rendered home/registration.html.erb within layouts/application (Duration: 0.1ms | Allocations: 6)
[Webpacker] Everything's up-to-date. Nothing to do
  Rendered layout layouts/application.html.erb (Duration: 719.7ms | Allocations: 11802)
Completed 200 OK in 721ms (Views: 720.6ms | ActiveRecord: 0.0ms | Allocations: 12209)


Started GET "/packs/js/application-%3Chash" for 127.0.0.1 at 2024-10-22 22:45:49 +0200
Started GET "/packs/js/application-%3Chash%3E.js" for 127.0.0.1 at 2024-10-22 22:45:49 +0200
  
ActionController::RoutingError (No route matches [GET] "/packs/js/application-%3Chash"):
  
  
ActionController::RoutingError (No route matches [GET] "/packs/js/application-%3Chash%3E.js"):
  
Started GET "/registration" for 127.0.0.1 at 2024-10-22 22:48:06 +0200
Processing by HomeController#registration as HTML
  Rendering layout layouts/application.html.erb
  Rendering home/registration.html.erb within layouts/application
  Rendered home/registration.html.erb within layouts/application (Duration: 0.1ms | Allocations: 6)
[Webpacker] Everything's up-to-date. Nothing to do
  Rendered layout layouts/application.html.erb (Duration: 624.5ms | Allocations: 11781)
Completed 200 OK in 627ms (Views: 625.5ms | ActiveRecord: 0.0ms | Allocations: 12191)


Started GET "/packs/js/application-%3Chash%3E.js" for 127.0.0.1 at 2024-10-22 22:48:07 +0200
Started GET "/packs/js/application-%3Chash" for 127.0.0.1 at 2024-10-22 22:48:07 +0200
  
ActionController::RoutingError (No route matches [GET] "/packs/js/application-%3Chash"):
  
  
ActionController::RoutingError (No route matches [GET] "/packs/js/application-%3Chash%3E.js"):
  
Started GET "/registration" for 127.0.0.1 at 2024-10-22 22:48:16 +0200
Processing by HomeController#registration as HTML
  Rendering layout layouts/application.html.erb
  Rendering home/registration.html.erb within layouts/application
  Rendered home/registration.html.erb within layouts/application (Duration: 0.0ms | Allocations: 6)
[Webpacker] Everything's up-to-date. Nothing to do
  Rendered layout layouts/application.html.erb (Duration: 647.6ms | Allocations: 11829)
Completed 200 OK in 649ms (Views: 648.5ms | ActiveRecord: 0.0ms | Allocations: 12255)


Started GET "/packs/js/application-%3Chash" for 127.0.0.1 at 2024-10-22 22:48:17 +0200
Started GET "/packs/js/application-%3Chash%3E.js" for 127.0.0.1 at 2024-10-22 22:48:17 +0200
  
ActionController::RoutingError (No route matches [GET] "/packs/js/application-%3Chash"):
  
  
ActionController::RoutingError (No route matches [GET] "/packs/js/application-%3Chash%3E.js"):
  
Started GET "/registration" for 127.0.0.1 at 2024-10-22 22:48:25 +0200
Processing by HomeController#registration as HTML
  Rendering layout layouts/application.html.erb
  Rendering home/registration.html.erb within layouts/application
  Rendered home/registration.html.erb within layouts/application (Duration: 0.1ms | Allocations: 6)
[Webpacker] Everything's up-to-date. Nothing to do
  Rendered layout layouts/application.html.erb (Duration: 713.9ms | Allocations: 11819)
Completed 200 OK in 717ms (Views: 714.9ms | ActiveRecord: 0.0ms | Allocations: 12229)


Started GET "/packs/js/application-%3Chash" for 127.0.0.1 at 2024-10-22 22:48:26 +0200
Started GET "/packs/js/application-%3Chash%3E.js" for 127.0.0.1 at 2024-10-22 22:48:26 +0200
  
ActionController::RoutingError (No route matches [GET] "/packs/js/application-%3Chash"):
  
  
ActionController::RoutingError (No route matches [GET] "/packs/js/application-%3Chash%3E.js"):
  
Started GET "/registration" for 127.0.0.1 at 2024-10-22 22:48:37 +0200
Processing by HomeController#registration as HTML
  Rendering layout layouts/application.html.erb
  Rendering home/registration.html.erb within layouts/application
  Rendered home/registration.html.erb within layouts/application (Duration: 0.0ms | Allocations: 6)
[Webpacker] Everything's up-to-date. Nothing to do
  Rendered layout layouts/application.html.erb (Duration: 632.9ms | Allocations: 11847)
Completed 200 OK in 635ms (Views: 633.8ms | ActiveRecord: 0.0ms | Allocations: 12270)


Started GET "/packs/js/application-%3Chash" for 127.0.0.1 at 2024-10-22 22:48:37 +0200
  
ActionController::RoutingError (No route matches [GET] "/packs/js/application-%3Chash"):
  
Started GET "/packs/js/application-%3Chash%3E.js" for 127.0.0.1 at 2024-10-22 22:48:38 +0200
  
ActionController::RoutingError (No route matches [GET] "/packs/js/application-%3Chash%3E.js"):
  
Started GET "/registration" for 127.0.0.1 at 2024-10-22 22:49:26 +0200
Processing by HomeController#registration as HTML
  Rendering layout layouts/application.html.erb
  Rendering home/registration.html.erb within layouts/application
  Rendered home/registration.html.erb within layouts/application (Duration: 0.0ms | Allocations: 6)
[Webpacker] Everything's up-to-date. Nothing to do
  Rendered layout layouts/application.html.erb (Duration: 726.9ms | Allocations: 11812)
Completed 200 OK in 728ms (Views: 727.5ms | ActiveRecord: 0.0ms | Allocations: 12207)


Started GET "/packs/js/application-%3Chash" for 127.0.0.1 at 2024-10-22 22:49:27 +0200
Started GET "/packs/js/application-%3Chash%3E.js" for 127.0.0.1 at 2024-10-22 22:49:27 +0200
  
ActionController::RoutingError (No route matches [GET] "/packs/js/application-%3Chash"):
  
  
ActionController::RoutingError (No route matches [GET] "/packs/js/application-%3Chash%3E.js"):
  
Started GET "/registration" for 127.0.0.1 at 2024-10-22 22:51:54 +0200
Processing by HomeController#registration as HTML
  Rendering layout layouts/application.html.erb
  Rendering home/registration.html.erb within layouts/application
  Rendered home/registration.html.erb within layouts/application (Duration: 0.0ms | Allocations: 6)
[Webpacker] Everything's up-to-date. Nothing to do
  Rendered layout layouts/application.html.erb (Duration: 591.6ms | Allocations: 11828)
Completed 200 OK in 594ms (Views: 592.4ms | ActiveRecord: 0.0ms | Allocations: 12241)


Started GET "/packs/js/application-%3Chash" for 127.0.0.1 at 2024-10-22 22:51:55 +0200
Started GET "/packs/js/application-%3Chash%3E.js" for 127.0.0.1 at 2024-10-22 22:51:55 +0200
  
ActionController::RoutingError (No route matches [GET] "/packs/js/application-%3Chash"):
  
  
ActionController::RoutingError (No route matches [GET] "/packs/js/application-%3Chash%3E.js"):
  
Started GET "/" for 127.0.0.1 at 2024-10-22 22:52:02 +0200
Processing by HomeController#index as HTML
  Rendering layout layouts/application.html.erb
  Rendering home/index.html.erb within layouts/application
  Rendered home/index.html.erb within layouts/application (Duration: 3.6ms | Allocations: 1668)
[Webpacker] Everything's up-to-date. Nothing to do
  Rendered layout layouts/application.html.erb (Duration: 15.1ms | Allocations: 8262)
Completed 200 OK in 18ms (Views: 15.9ms | ActiveRecord: 0.0ms | Allocations: 8738)


Started GET "/packs/js/application-%3Chash" for 127.0.0.1 at 2024-10-22 22:52:02 +0200
Started GET "/packs/js/application-%3Chash%3E.js" for 127.0.0.1 at 2024-10-22 22:52:02 +0200
  
ActionController::RoutingError (No route matches [GET] "/packs/js/application-%3Chash"):
  
  
ActionController::RoutingError (No route matches [GET] "/packs/js/application-%3Chash%3E.js"):
  
Started GET "/" for 127.0.0.1 at 2024-10-22 22:57:50 +0200
Processing by HomeController#index as HTML
  Rendering layout layouts/application.html.erb
  Rendering home/index.html.erb within layouts/application
  Rendered home/index.html.erb within layouts/application (Duration: 4.3ms | Allocations: 1708)
[Webpacker] Everything's up-to-date. Nothing to do
  Rendered layout layouts/application.html.erb (Duration: 20.4ms | Allocations: 8708)
Completed 200 OK in 25ms (Views: 22.5ms | ActiveRecord: 0.0ms | Allocations: 9801)


Started GET "/packs/js/application-%3Chash" for 127.0.0.1 at 2024-10-22 22:57:50 +0200
  
ActionController::RoutingError (No route matches [GET] "/packs/js/application-%3Chash"):
  
Started GET "/packs/js/application-%3Chash%3E.js" for 127.0.0.1 at 2024-10-22 22:57:50 +0200
  
ActionController::RoutingError (No route matches [GET] "/packs/js/application-%3Chash%3E.js"):
  
Started GET "/" for 127.0.0.1 at 2024-10-22 23:00:39 +0200
Processing by HomeController#index as HTML
  Rendering layout layouts/application.html.erb
  Rendering home/index.html.erb within layouts/application
  Rendered home/index.html.erb within layouts/application (Duration: 2.3ms | Allocations: 1407)
[Webpacker] Everything's up-to-date. Nothing to do
  Rendered layout layouts/application.html.erb (Duration: 646.4ms | Allocations: 12924)
Completed 200 OK in 648ms (Views: 647.1ms | ActiveRecord: 0.0ms | Allocations: 13326)


Started GET "/packs/js/application-%3Chash" for 127.0.0.1 at 2024-10-22 23:00:39 +0200
Started GET "/packs/js/application-%3Chash%3E.js" for 127.0.0.1 at 2024-10-22 23:00:39 +0200
  
ActionController::RoutingError (No route matches [GET] "/packs/js/application-%3Chash%3E.js"):
  
  
ActionController::RoutingError (No route matches [GET] "/packs/js/application-%3Chash"):
  
Started GET "/registration" for 127.0.0.1 at 2024-10-22 23:00:52 +0200
Processing by HomeController#registration as HTML
  Rendering layout layouts/application.html.erb
  Rendering home/registration.html.erb within layouts/application
  Rendered home/registration.html.erb within layouts/application (Duration: 0.5ms | Allocations: 79)
[Webpacker] Everything's up-to-date. Nothing to do
  Rendered layout layouts/application.html.erb (Duration: 22.4ms | Allocations: 6885)
Completed 200 OK in 25ms (Views: 23.3ms | ActiveRecord: 0.0ms | Allocations: 7371)


Started GET "/packs/js/application-%3Chash" for 127.0.0.1 at 2024-10-22 23:00:52 +0200
Started GET "/packs/js/application-%3Chash%3E.js" for 127.0.0.1 at 2024-10-22 23:00:52 +0200
  
ActionController::RoutingError (No route matches [GET] "/packs/js/application-%3Chash"):
  
  
ActionController::RoutingError (No route matches [GET] "/packs/js/application-%3Chash%3E.js"):
  
Started GET "/" for 127.0.0.1 at 2024-10-22 23:00:54 +0200
Processing by HomeController#index as HTML
  Rendering layout layouts/application.html.erb
  Rendering home/index.html.erb within layouts/application
  Rendered home/index.html.erb within layouts/application (Duration: 2.5ms | Allocations: 1407)
[Webpacker] Everything's up-to-date. Nothing to do
  Rendered layout layouts/application.html.erb (Duration: 19.5ms | Allocations: 8001)
Completed 200 OK in 21ms (Views: 20.3ms | ActiveRecord: 0.0ms | Allocations: 8423)


Started GET "/packs/js/application-%3Chash" for 127.0.0.1 at 2024-10-22 23:00:54 +0200
  
ActionController::RoutingError (No route matches [GET] "/packs/js/application-%3Chash"):
  
Started GET "/packs/js/application-%3Chash%3E.js" for 127.0.0.1 at 2024-10-22 23:00:54 +0200
  
ActionController::RoutingError (No route matches [GET] "/packs/js/application-%3Chash%3E.js"):
  
Started GET "/" for 127.0.0.1 at 2024-10-22 23:01:11 +0200
Processing by HomeController#index as HTML
  Rendering layout layouts/application.html.erb
  Rendering home/index.html.erb within layouts/application
  Rendered home/index.html.erb within layouts/application (Duration: 2.8ms | Allocations: 1407)
[Webpacker] Everything's up-to-date. Nothing to do
  Rendered layout layouts/application.html.erb (Duration: 648.0ms | Allocations: 12862)
Completed 200 OK in 649ms (Views: 648.7ms | ActiveRecord: 0.0ms | Allocations: 13272)


Started GET "/packs/js/application-%3Chash" for 127.0.0.1 at 2024-10-22 23:01:12 +0200
Started GET "/packs/js/application-%3Chash%3E.js" for 127.0.0.1 at 2024-10-22 23:01:12 +0200
  
ActionController::RoutingError (No route matches [GET] "/packs/js/application-%3Chash"):
  
  
ActionController::RoutingError (No route matches [GET] "/packs/js/application-%3Chash%3E.js"):
  
Started GET "/" for 127.0.0.1 at 2024-10-22 23:03:07 +0200
Processing by HomeController#index as HTML
  Rendering layout layouts/application.html.erb
  Rendering home/index.html.erb within layouts/application
  Rendered home/index.html.erb within layouts/application (Duration: 3.3ms | Allocations: 1407)
[Webpacker] Everything's up-to-date. Nothing to do
  Rendered layout layouts/application.html.erb (Duration: 616.0ms | Allocations: 12859)
Completed 200 OK in 619ms (Views: 616.8ms | ActiveRecord: 0.0ms | Allocations: 13284)


Started GET "/packs/js/application-%3Chash%3E.js" for 127.0.0.1 at 2024-10-22 23:03:08 +0200
Started GET "/packs/js/application-%3Chash" for 127.0.0.1 at 2024-10-22 23:03:08 +0200
  
ActionController::RoutingError (No route matches [GET] "/packs/js/application-%3Chash%3E.js"):
  
  
ActionController::RoutingError (No route matches [GET] "/packs/js/application-%3Chash"):
  
Started GET "/" for 127.0.0.1 at 2024-10-22 23:04:44 +0200
Processing by HomeController#index as HTML
  Rendering layout layouts/application.html.erb
  Rendering home/index.html.erb within layouts/application
  Rendered home/index.html.erb within layouts/application (Duration: 3.9ms | Allocations: 1407)
[Webpacker] Compiling...
[Webpacker] Compilation failed:
warning package.json: No license field
Invalid configuration object. Webpack has been initialised using a configuration object that does not match the API schema.
 - configuration.entry should be an non-empty object.
   -> Multiple entry bundles are created. The key is the chunk name. The value can be a string or an array.

  Rendered layout layouts/application.html.erb (Duration: 1840.8ms | Allocations: 8902)
Completed 200 OK in 1842ms (Views: 1841.4ms | ActiveRecord: 0.0ms | Allocations: 9320)


Started GET "/packs/js/application-%3Chash%3E.js" for 127.0.0.1 at 2024-10-22 23:04:46 +0200
Started GET "/packs/js/application-%3Chash" for 127.0.0.1 at 2024-10-22 23:04:46 +0200
  
ActionController::RoutingError (No route matches [GET] "/packs/js/application-%3Chash%3E.js"):
  
  
ActionController::RoutingError (No route matches [GET] "/packs/js/application-%3Chash"):
  
Started GET "/" for 127.0.0.1 at 2024-10-22 23:05:26 +0200
Processing by HomeController#index as HTML
  Rendering layout layouts/application.html.erb
  Rendering home/index.html.erb within layouts/application
  Rendered home/index.html.erb within layouts/application (Duration: 3.6ms | Allocations: 1407)
[Webpacker] Everything's up-to-date. Nothing to do
  Rendered layout layouts/application.html.erb (Duration: 643.2ms | Allocations: 12876)
Completed 200 OK in 645ms (Views: 643.8ms | ActiveRecord: 0.0ms | Allocations: 13295)


Started GET "/packs/js/application-%3Chash%3E.js" for 127.0.0.1 at 2024-10-22 23:05:26 +0200
Started GET "/packs/js/application-%3Chash" for 127.0.0.1 at 2024-10-22 23:05:26 +0200
  
ActionController::RoutingError (No route matches [GET] "/packs/js/application-%3Chash%3E.js"):
  
  
ActionController::RoutingError (No route matches [GET] "/packs/js/application-%3Chash"):
  
Started GET "/" for 127.0.0.1 at 2024-10-22 23:06:21 +0200
Processing by HomeController#index as HTML
  Rendering layout layouts/application.html.erb
  Rendering home/index.html.erb within layouts/application
  Rendered home/index.html.erb within layouts/application (Duration: 5.1ms | Allocations: 1708)
[Webpacker] Everything's up-to-date. Nothing to do
  Rendered layout layouts/application.html.erb (Duration: 18.5ms | Allocations: 8711)
Completed 200 OK in 23ms (Views: 20.9ms | ActiveRecord: 0.0ms | Allocations: 9797)


Started GET "/packs/js/application-%3Chash%3E.js" for 127.0.0.1 at 2024-10-22 23:06:21 +0200
Started GET "/packs/js/application-%3Chash" for 127.0.0.1 at 2024-10-22 23:06:21 +0200
  
ActionController::RoutingError (No route matches [GET] "/packs/js/application-%3Chash%3E.js"):
  
  
ActionController::RoutingError (No route matches [GET] "/packs/js/application-%3Chash"):
  
Started GET "/" for 127.0.0.1 at 2024-10-22 23:08:09 +0200
Processing by HomeController#index as HTML
  Rendering layout layouts/application.html.erb
  Rendering home/index.html.erb within layouts/application
  Rendered home/index.html.erb within layouts/application (Duration: 11.1ms | Allocations: 1709)
[Webpacker] Everything's up-to-date. Nothing to do
  Rendered layout layouts/application.html.erb (Duration: 657.1ms | Allocations: 13577)
Completed 200 OK in 661ms (Views: 659.3ms | ActiveRecord: 0.0ms | Allocations: 14653)


Started GET "/packs/js/application-%3Chash%3E.js" for 127.0.0.1 at 2024-10-22 23:08:10 +0200
Started GET "/packs/js/application-%3Chash" for 127.0.0.1 at 2024-10-22 23:08:10 +0200
  
ActionController::RoutingError (No route matches [GET] "/packs/js/application-%3Chash%3E.js"):
  
  
ActionController::RoutingError (No route matches [GET] "/packs/js/application-%3Chash"):
  
Started GET "/" for 127.0.0.1 at 2024-10-22 23:09:07 +0200
Processing by HomeController#index as HTML
  Rendering layout layouts/application.html.erb
  Rendering home/index.html.erb within layouts/application
  Rendered home/index.html.erb within layouts/application (Duration: 2.5ms | Allocations: 1407)
[Webpacker] Everything's up-to-date. Nothing to do
  Rendered layout layouts/application.html.erb (Duration: 609.1ms | Allocations: 12897)
Completed 200 OK in 611ms (Views: 609.8ms | ActiveRecord: 0.0ms | Allocations: 13314)


Started GET "/packs/js/application-%3Chash%3E.js" for 127.0.0.1 at 2024-10-22 23:09:08 +0200
Started GET "/packs/js/application-%3Chash" for 127.0.0.1 at 2024-10-22 23:09:08 +0200
  
ActionController::RoutingError (No route matches [GET] "/packs/js/application-%3Chash%3E.js"):
  
  
ActionController::RoutingError (No route matches [GET] "/packs/js/application-%3Chash"):
  
